Not Found: /img/bg.jpg
Not Found: /favicon.ico
Not Found: //index/images/logo.png
Not Found: //index/images/favicon.ico
Not Found: //insurance/images/logo.png
Not Found: //insurance/images/favicon.ico
Not Found: //index/images/logo.png
Not Found: //insurance/images/logo.png
Not Found: //pay_program/list/images/logo.png
Not Found: //pay_program/list/images/favicon.ico
Not Found: //index/images/logo.png
Not Found: //insurance/images/logo.png
Not Found: //index/images/logo.png
Not Found: //doctor/list/images/logo.png
Not Found: //doctor/list/images/favicon.ico
Not Found: //doctor/list/images/logo.png
Not Found: //doctor/list/images/logo.png
[2023-05-16 07:34:03 +0000] [15379] [CRITICAL] WORKER TIMEOUT (pid:15381)
[2023-05-16 07:34:03 +0000] [15381] [INFO] Worker exiting (pid: 15381)
[2023-05-16 07:34:03 +0000] [15541] [INFO] Booting worker with pid: 15541
[2023-05-16 07:34:39 +0000] [15379] [CRITICAL] WORKER TIMEOUT (pid:15382)
[2023-05-16 07:34:39 +0000] [15382] [INFO] Worker exiting (pid: 15382)
[2023-05-16 07:34:39 +0000] [15544] [INFO] Booting worker with pid: 15544
Not Found: /
Not Found: /
Not Found: //doctor/list/images/logo.png
[2023-05-16 08:58:54 +0000] [15379] [CRITICAL] WORKER TIMEOUT (pid:15544)
[2023-05-16 08:58:54 +0000] [15544] [INFO] Worker exiting (pid: 15544)
[2023-05-16 08:58:54 +0000] [15860] [INFO] Booting worker with pid: 15860
[2023-05-16 08:59:11 +0000] [15379] [CRITICAL] WORKER TIMEOUT (pid:15383)
[2023-05-16 08:59:11 +0000] [15383] [INFO] Worker exiting (pid: 15383)
[2023-05-16 08:59:11 +0000] [15861] [INFO] Booting worker with pid: 15861
Not Found: /
Not Found: /
Not Found: /favicon.ico
Not Found: /
Not Found: /
Not Found: /wp-login.php
Not Found: /
Not Found: /favicon.ico
Not Found: /
Not Found: /robots.txt
Not Found: /
Not Found: /
Not Found: /
Not Found: /
Not Found: /
Not Found: /robots.txt
Not Found: /
Not Found: /
Not Found: /robots.txt
Not Found: /
Not Found: /
Not Found: /
Not Found: /
Not Found: /
Not Found: /
Not Found: /
Not Found: /
Not Found: /
Not Found: /
Not Found: /robots.txt
Not Found: /
Not Found: /
Not Found: /
Not Found: /
Not Found: /
Not Found: /
Not Found: /favicon.ico
Not Found: /robots.txt
Not Found: /
Not Found: /
Not Found: /
Not Found: /robots.txt
Not Found: /
Not Found: /
Not Found: /
Not Found: /
Not Found: /
Not Found: /
Not Found: /
Not Found: /
Not Found: /
Not Found: /
Not Found: /
Not Found: /
Not Found: /
Not Found: /
Not Found: /
Not Found: /
Not Found: /
Not Found: /
Not Found: /
Not Found: /
Not Found: /wp-login.php
Not Found: /wp-includes/wlwmanifest.xml
Not Found: /administrator/index.php
Not Found: /view-source:
Not Found: /misc/ajax.js
Not Found: /
Not Found: /robots.txt
Not Found: /
Not Found: /
Not Found: /
Not Found: /
Not Found: /favicon.ico
Not Found: /favicon.ico
Not Found: /
Not Found: /
Not Found: /
Not Found: /
Not Found: /
Not Found: /
Not Found: /
Not Found: /
Not Found: /
Not Found: /
Not Found: /
Not Found: /cf_scripts/scripts/ajax/ckeditor/plugins/filemanager/iedit.cfc
Not Found: /.git/config
Not Found: /wp-login.php
Not Found: /
Not Found: /robots.txt
Not Found: /
Not Found: /
Not Found: /
Not Found: /
Not Found: /
Not Found: /
Not Found: /favicon.ico
Not Found: /
Not Found: /
Not Found: /
Not Found: /
Not Found: /favicon.ico
Not Found: /favicon.ico
Not Found: /
Not Found: /img/bg.jpg
Not Found: /favicon.ico
Not Found: /
Not Found: /
Not Found: /
Not Found: /
Not Found: /
Not Found: /
Not Found: /
Not Found: /
Not Found: /
Not Found: /
Not Found: /
Not Found: /
Not Found: /robots.txt
Not Found: /
Not Found: /wp-login.php
Not Found: /favicon.ico
Not Found: /
Not Found: /
Not Found: /
Not Found: /
Not Found: /
Not Found: /
Not Found: /
Not Found: /
Not Found: /
Not Found: /
Not Found: /
Not Found: /
Not Found: /
Not Found: /
Not Found: /
Not Found: /
Not Found: /
Not Found: /
Not Found: /
Not Found: /
Not Found: /
Not Found: /
Not Found: /
Not Found: /
Not Found: /
Not Found: /
Not Found: /
Not Found: /
Not Found: /
Not Found: /
Not Found: /
Not Found: /
Not Found: /favicon.ico
Not Found: /
Not Found: /
Not Found: /
Not Found: /
Not Found: /wp-login.php
Not Found: /
Not Found: /
Not Found: /_ignition/health-check/
Not Found: /public/_ignition/health-check/
Not Found: /wp-includes/wlwmanifest.xml
Not Found: /
Not Found: /
Not Found: /
Not Found: /
Not Found: /
Not Found: /
Not Found: /
Not Found: /
Not Found: /
Not Found: /
Not Found: /
Not Found: /
Not Found: /
Not Found: /
Not Found: /
Not Found: /
Not Found: /
Not Found: /
Not Found: /
Not Found: /
Not Found: /
Not Found: /djgejZuo
Not Found: /.git/config
Not Found: /szmUnqcBop
Not Found: /
Not Found: /.git/config
Not Found: /
Not Found: /
Not Found: /
Not Found: /
Not Found: /version
Not Found: /.vscode/sftp.json
Not Found: /about
Not Found: /debug/default/view
Not Found: /v2/_catalog
Not Found: /ecp/Current/exporttool/microsoft.exchange.ediscovery.exporttool.application
Not Found: /server-status
Not Found: /login.action
Not Found: /_all_dbs
Not Found: /.DS_Store
Not Found: /.env
Not Found: /.git/config
Not Found: /s/232323e2536313e2030323e22383/_/;/META-INF/maven/com.atlassian.jira/jira-webapp-dist/pom.properties
Not Found: /config.json
Not Found: /telescope/requests
Not Found: /
Not Found: /
Not Found: /robots.txt
Not Found: /
Not Found: /robots.txt
Not Found: /
Not Found: /robots.txt
Not Found: /
Not Found: /
Not Found: /Public/home/js/check.js
Not Found: /
Not Found: /
Not Found: /
Not Found: /
Not Found: /
Not Found: /
Not Found: /
Not Found: /
Not Found: /
Not Found: /
Not Found: /
Not Found: /favicon.ico
Not Found: /robots.txt
Not Found: /index/
Not Found: /favicon.ico
Not Found: /
Not Found: /
Not Found: /
Not Found: /
Not Found: /
Not Found: /
Not Found: /
Not Found: /
Not Found: /
Not Found: /
Not Found: /favicon.ico
Not Found: /img/bg.jpg
Not Found: /register/images/favicon.ico
Not Found: /img/bg.jpg
[2023-05-31 09:02:32 +0000] [15379] [INFO] Handling signal: term
[2023-05-31 09:02:32 +0000] [15861] [INFO] Worker exiting (pid: 15861)
[2023-05-31 09:02:32 +0000] [15541] [INFO] Worker exiting (pid: 15541)
[2023-05-31 09:02:32 +0000] [15860] [INFO] Worker exiting (pid: 15860)
[2023-05-31 09:02:32 +0000] [15379] [INFO] Shutting down: Master
[2023-05-31 09:02:32 +0000] [130070] [INFO] Starting gunicorn 20.1.0
[2023-05-31 09:02:32 +0000] [130070] [INFO] Listening at: http://127.0.0.1:8000 (130070)
[2023-05-31 09:02:32 +0000] [130070] [INFO] Using worker: sync
[2023-05-31 09:02:32 +0000] [130072] [INFO] Booting worker with pid: 130072
[2023-05-31 09:02:32 +0000] [130073] [INFO] Booting worker with pid: 130073
[2023-05-31 09:02:32 +0000] [130074] [INFO] Booting worker with pid: 130074
[2023-05-31 09:03:35 +0000] [130070] [INFO] Handling signal: term
[2023-05-31 09:03:35 +0000] [130072] [INFO] Worker exiting (pid: 130072)
[2023-05-31 09:03:35 +0000] [130073] [INFO] Worker exiting (pid: 130073)
[2023-05-31 09:03:35 +0000] [130074] [INFO] Worker exiting (pid: 130074)
[2023-05-31 09:03:35 +0000] [130070] [INFO] Shutting down: Master
[2023-05-31 09:03:36 +0000] [130084] [INFO] Starting gunicorn 20.1.0
[2023-05-31 09:03:36 +0000] [130084] [INFO] Listening at: http://127.0.0.1:8000 (130084)
[2023-05-31 09:03:36 +0000] [130084] [INFO] Using worker: sync
[2023-05-31 09:03:36 +0000] [130086] [INFO] Booting worker with pid: 130086
[2023-05-31 09:03:36 +0000] [130087] [INFO] Booting worker with pid: 130087
[2023-05-31 09:03:36 +0000] [130088] [INFO] Booting worker with pid: 130088
[2023-05-31 09:04:16 +0000] [130084] [INFO] Handling signal: term
[2023-05-31 09:04:16 +0000] [130086] [INFO] Worker exiting (pid: 130086)
[2023-05-31 09:04:16 +0000] [130087] [INFO] Worker exiting (pid: 130087)
[2023-05-31 09:04:16 +0000] [130088] [INFO] Worker exiting (pid: 130088)
[2023-05-31 09:04:16 +0000] [130084] [INFO] Shutting down: Master
[2023-05-31 09:04:16 +0000] [130095] [INFO] Starting gunicorn 20.1.0
[2023-05-31 09:04:16 +0000] [130095] [INFO] Listening at: http://127.0.0.1:8000 (130095)
[2023-05-31 09:04:16 +0000] [130095] [INFO] Using worker: sync
[2023-05-31 09:04:16 +0000] [130097] [INFO] Booting worker with pid: 130097
[2023-05-31 09:04:16 +0000] [130098] [INFO] Booting worker with pid: 130098
[2023-05-31 09:04:16 +0000] [130099] [INFO] Booting worker with pid: 130099
Not Found: /wp-login.php
[2023-05-31 09:05:27 +0000] [130095] [INFO] Handling signal: term
[2023-05-31 09:05:27 +0000] [130098] [INFO] Worker exiting (pid: 130098)
[2023-05-31 09:05:27 +0000] [130097] [INFO] Worker exiting (pid: 130097)
[2023-05-31 09:05:27 +0000] [130099] [INFO] Worker exiting (pid: 130099)
[2023-05-31 09:05:28 +0000] [130095] [INFO] Shutting down: Master
[2023-05-31 09:05:28 +0000] [130115] [INFO] Starting gunicorn 20.1.0
[2023-05-31 09:05:28 +0000] [130115] [INFO] Listening at: http://127.0.0.1:8000 (130115)
[2023-05-31 09:05:28 +0000] [130115] [INFO] Using worker: sync
[2023-05-31 09:05:28 +0000] [130117] [INFO] Booting worker with pid: 130117
[2023-05-31 09:05:28 +0000] [130118] [INFO] Booting worker with pid: 130118
[2023-05-31 09:05:28 +0000] [130119] [INFO] Booting worker with pid: 130119
Bad Request: /api/customer_management/customer/create
Not Found: //index/images/logo.png
Not Found: //index/images/favicon.ico
Not Found: //index/images/logo.png
Not Found: //index/images/logo.png
Not Found: //index/images/logo.png
Not Found: //pay_program/list/images/logo.png
Not Found: //pay_program/list/images/favicon.ico
Not Found: /
Not Found: //pay_program/list/images/logo.png
Not Found: /
Not Found: //pay_program/list/images/logo.png
Not Found: //index/images/logo.png
Not Found: //insurance/images/logo.png
Not Found: //insurance/images/favicon.ico
Not Found: //insurance/images/logo.png
Internal Server Error: //insurance/list
Traceback (most recent call last):
  File "/home/medet/venv/lib/python3.8/site-packages/django/core/handlers/exception.py", line 55, in inner
    response = get_response(request)
  File "/home/medet/venv/lib/python3.8/site-packages/django/core/handlers/base.py", line 220, in _get_response
    response = response.render()
  File "/home/medet/venv/lib/python3.8/site-packages/django/template/response.py", line 114, in render
    self.content = self.rendered_content
  File "/home/medet/venv/lib/python3.8/site-packages/django/template/response.py", line 90, in rendered_content
    template = self.resolve_template(self.template_name)
  File "/home/medet/venv/lib/python3.8/site-packages/django/template/response.py", line 72, in resolve_template
    return select_template(template, using=self.using)
  File "/home/medet/venv/lib/python3.8/site-packages/django/template/loader.py", line 42, in select_template
    return engine.get_template(template_name)
  File "/home/medet/venv/lib/python3.8/site-packages/django/template/backends/django.py", line 34, in get_template
    return Template(self.engine.get_template(template_name), self)
  File "/home/medet/venv/lib/python3.8/site-packages/django/template/engine.py", line 176, in get_template
    template, origin = self.find_template(template_name)
  File "/home/medet/venv/lib/python3.8/site-packages/django/template/engine.py", line 158, in find_template
    template = loader.get_template(name, skip=skip)
  File "/home/medet/venv/lib/python3.8/site-packages/django/template/loaders/base.py", line 28, in get_template
    return Template(
  File "/home/medet/venv/lib/python3.8/site-packages/django/template/base.py", line 154, in __init__
    self.nodelist = self.compile_nodelist()
  File "/home/medet/venv/lib/python3.8/site-packages/django/template/base.py", line 200, in compile_nodelist
    return parser.parse()
  File "/home/medet/venv/lib/python3.8/site-packages/django/template/base.py", line 513, in parse
    raise self.error(token, e)
  File "/home/medet/venv/lib/python3.8/site-packages/django/template/base.py", line 511, in parse
    compiled_result = compile_func(self, token)
  File "/home/medet/venv/lib/python3.8/site-packages/django/template/loader_tags.py", line 293, in do_extends
    nodelist = parser.parse()
  File "/home/medet/venv/lib/python3.8/site-packages/django/template/base.py", line 513, in parse
    raise self.error(token, e)
  File "/home/medet/venv/lib/python3.8/site-packages/django/template/base.py", line 511, in parse
    compiled_result = compile_func(self, token)
  File "/home/medet/venv/lib/python3.8/site-packages/django/template/loader_tags.py", line 232, in do_block
    nodelist = parser.parse(("endblock",))
  File "/home/medet/venv/lib/python3.8/site-packages/django/template/base.py", line 513, in parse
    raise self.error(token, e)
  File "/home/medet/venv/lib/python3.8/site-packages/django/template/base.py", line 511, in parse
    compiled_result = compile_func(self, token)
  File "/home/medet/venv/lib/python3.8/site-packages/django/template/defaulttags.py", line 954, in do_if
    nodelist = parser.parse(("elif", "else", "endif"))
  File "/home/medet/venv/lib/python3.8/site-packages/django/template/base.py", line 513, in parse
    raise self.error(token, e)
  File "/home/medet/venv/lib/python3.8/site-packages/django/template/base.py", line 511, in parse
    compiled_result = compile_func(self, token)
  File "/home/medet/venv/lib/python3.8/site-packages/django/template/defaulttags.py", line 854, in do_for
    nodelist_loop = parser.parse(
  File "/home/medet/venv/lib/python3.8/site-packages/django/template/base.py", line 513, in parse
    raise self.error(token, e)
  File "/home/medet/venv/lib/python3.8/site-packages/django/template/base.py", line 511, in parse
    compiled_result = compile_func(self, token)
  File "/home/medet/venv/lib/python3.8/site-packages/django/template/defaulttags.py", line 954, in do_if
    nodelist = parser.parse(("elif", "else", "endif"))
  File "/home/medet/venv/lib/python3.8/site-packages/django/template/base.py", line 484, in parse
    raise self.error(token, e)
  File "/home/medet/venv/lib/python3.8/site-packages/django/template/base.py", line 482, in parse
    filter_expression = self.compile_filter(token.contents)
  File "/home/medet/venv/lib/python3.8/site-packages/django/template/base.py", line 600, in compile_filter
    return FilterExpression(token, self)
  File "/home/medet/venv/lib/python3.8/site-packages/django/template/base.py", line 696, in __init__
    filter_func = parser.find_filter(filter_name)
  File "/home/medet/venv/lib/python3.8/site-packages/django/template/base.py", line 606, in find_filter
    raise TemplateSyntaxError("Invalid filter: '%s'" % filter_name)
django.template.exceptions.TemplateSyntaxError: Invalid filter: 'tarix'
Internal Server Error: //insurance/list
Traceback (most recent call last):
  File "/home/medet/venv/lib/python3.8/site-packages/django/core/handlers/exception.py", line 55, in inner
    response = get_response(request)
  File "/home/medet/venv/lib/python3.8/site-packages/django/core/handlers/base.py", line 220, in _get_response
    response = response.render()
  File "/home/medet/venv/lib/python3.8/site-packages/django/template/response.py", line 114, in render
    self.content = self.rendered_content
  File "/home/medet/venv/lib/python3.8/site-packages/django/template/response.py", line 90, in rendered_content
    template = self.resolve_template(self.template_name)
  File "/home/medet/venv/lib/python3.8/site-packages/django/template/response.py", line 72, in resolve_template
    return select_template(template, using=self.using)
  File "/home/medet/venv/lib/python3.8/site-packages/django/template/loader.py", line 42, in select_template
    return engine.get_template(template_name)
  File "/home/medet/venv/lib/python3.8/site-packages/django/template/backends/django.py", line 34, in get_template
    return Template(self.engine.get_template(template_name), self)
  File "/home/medet/venv/lib/python3.8/site-packages/django/template/engine.py", line 176, in get_template
    template, origin = self.find_template(template_name)
  File "/home/medet/venv/lib/python3.8/site-packages/django/template/engine.py", line 158, in find_template
    template = loader.get_template(name, skip=skip)
  File "/home/medet/venv/lib/python3.8/site-packages/django/template/loaders/base.py", line 28, in get_template
    return Template(
  File "/home/medet/venv/lib/python3.8/site-packages/django/template/base.py", line 154, in __init__
    self.nodelist = self.compile_nodelist()
  File "/home/medet/venv/lib/python3.8/site-packages/django/template/base.py", line 200, in compile_nodelist
    return parser.parse()
  File "/home/medet/venv/lib/python3.8/site-packages/django/template/base.py", line 513, in parse
    raise self.error(token, e)
  File "/home/medet/venv/lib/python3.8/site-packages/django/template/base.py", line 511, in parse
    compiled_result = compile_func(self, token)
  File "/home/medet/venv/lib/python3.8/site-packages/django/template/loader_tags.py", line 293, in do_extends
    nodelist = parser.parse()
  File "/home/medet/venv/lib/python3.8/site-packages/django/template/base.py", line 513, in parse
    raise self.error(token, e)
  File "/home/medet/venv/lib/python3.8/site-packages/django/template/base.py", line 511, in parse
    compiled_result = compile_func(self, token)
  File "/home/medet/venv/lib/python3.8/site-packages/django/template/loader_tags.py", line 232, in do_block
    nodelist = parser.parse(("endblock",))
  File "/home/medet/venv/lib/python3.8/site-packages/django/template/base.py", line 513, in parse
    raise self.error(token, e)
  File "/home/medet/venv/lib/python3.8/site-packages/django/template/base.py", line 511, in parse
    compiled_result = compile_func(self, token)
  File "/home/medet/venv/lib/python3.8/site-packages/django/template/defaulttags.py", line 954, in do_if
    nodelist = parser.parse(("elif", "else", "endif"))
  File "/home/medet/venv/lib/python3.8/site-packages/django/template/base.py", line 513, in parse
    raise self.error(token, e)
  File "/home/medet/venv/lib/python3.8/site-packages/django/template/base.py", line 511, in parse
    compiled_result = compile_func(self, token)
  File "/home/medet/venv/lib/python3.8/site-packages/django/template/defaulttags.py", line 854, in do_for
    nodelist_loop = parser.parse(
  File "/home/medet/venv/lib/python3.8/site-packages/django/template/base.py", line 513, in parse
    raise self.error(token, e)
  File "/home/medet/venv/lib/python3.8/site-packages/django/template/base.py", line 511, in parse
    compiled_result = compile_func(self, token)
  File "/home/medet/venv/lib/python3.8/site-packages/django/template/defaulttags.py", line 954, in do_if
    nodelist = parser.parse(("elif", "else", "endif"))
  File "/home/medet/venv/lib/python3.8/site-packages/django/template/base.py", line 484, in parse
    raise self.error(token, e)
  File "/home/medet/venv/lib/python3.8/site-packages/django/template/base.py", line 482, in parse
    filter_expression = self.compile_filter(token.contents)
  File "/home/medet/venv/lib/python3.8/site-packages/django/template/base.py", line 600, in compile_filter
    return FilterExpression(token, self)
  File "/home/medet/venv/lib/python3.8/site-packages/django/template/base.py", line 696, in __init__
    filter_func = parser.find_filter(filter_name)
  File "/home/medet/venv/lib/python3.8/site-packages/django/template/base.py", line 606, in find_filter
    raise TemplateSyntaxError("Invalid filter: '%s'" % filter_name)
django.template.exceptions.TemplateSyntaxError: Invalid filter: 'tarix'
Internal Server Error: //insurance/list
Traceback (most recent call last):
  File "/home/medet/venv/lib/python3.8/site-packages/django/core/handlers/exception.py", line 55, in inner
    response = get_response(request)
  File "/home/medet/venv/lib/python3.8/site-packages/django/core/handlers/base.py", line 220, in _get_response
    response = response.render()
  File "/home/medet/venv/lib/python3.8/site-packages/django/template/response.py", line 114, in render
    self.content = self.rendered_content
  File "/home/medet/venv/lib/python3.8/site-packages/django/template/response.py", line 90, in rendered_content
    template = self.resolve_template(self.template_name)
  File "/home/medet/venv/lib/python3.8/site-packages/django/template/response.py", line 72, in resolve_template
    return select_template(template, using=self.using)
  File "/home/medet/venv/lib/python3.8/site-packages/django/template/loader.py", line 42, in select_template
    return engine.get_template(template_name)
  File "/home/medet/venv/lib/python3.8/site-packages/django/template/backends/django.py", line 34, in get_template
    return Template(self.engine.get_template(template_name), self)
  File "/home/medet/venv/lib/python3.8/site-packages/django/template/engine.py", line 176, in get_template
    template, origin = self.find_template(template_name)
  File "/home/medet/venv/lib/python3.8/site-packages/django/template/engine.py", line 158, in find_template
    template = loader.get_template(name, skip=skip)
  File "/home/medet/venv/lib/python3.8/site-packages/django/template/loaders/base.py", line 28, in get_template
    return Template(
  File "/home/medet/venv/lib/python3.8/site-packages/django/template/base.py", line 154, in __init__
    self.nodelist = self.compile_nodelist()
  File "/home/medet/venv/lib/python3.8/site-packages/django/template/base.py", line 200, in compile_nodelist
    return parser.parse()
  File "/home/medet/venv/lib/python3.8/site-packages/django/template/base.py", line 513, in parse
    raise self.error(token, e)
  File "/home/medet/venv/lib/python3.8/site-packages/django/template/base.py", line 511, in parse
    compiled_result = compile_func(self, token)
  File "/home/medet/venv/lib/python3.8/site-packages/django/template/loader_tags.py", line 293, in do_extends
    nodelist = parser.parse()
  File "/home/medet/venv/lib/python3.8/site-packages/django/template/base.py", line 513, in parse
    raise self.error(token, e)
  File "/home/medet/venv/lib/python3.8/site-packages/django/template/base.py", line 511, in parse
    compiled_result = compile_func(self, token)
  File "/home/medet/venv/lib/python3.8/site-packages/django/template/loader_tags.py", line 232, in do_block
    nodelist = parser.parse(("endblock",))
  File "/home/medet/venv/lib/python3.8/site-packages/django/template/base.py", line 513, in parse
    raise self.error(token, e)
  File "/home/medet/venv/lib/python3.8/site-packages/django/template/base.py", line 511, in parse
    compiled_result = compile_func(self, token)
  File "/home/medet/venv/lib/python3.8/site-packages/django/template/defaulttags.py", line 954, in do_if
    nodelist = parser.parse(("elif", "else", "endif"))
  File "/home/medet/venv/lib/python3.8/site-packages/django/template/base.py", line 513, in parse
    raise self.error(token, e)
  File "/home/medet/venv/lib/python3.8/site-packages/django/template/base.py", line 511, in parse
    compiled_result = compile_func(self, token)
  File "/home/medet/venv/lib/python3.8/site-packages/django/template/defaulttags.py", line 854, in do_for
    nodelist_loop = parser.parse(
  File "/home/medet/venv/lib/python3.8/site-packages/django/template/base.py", line 513, in parse
    raise self.error(token, e)
  File "/home/medet/venv/lib/python3.8/site-packages/django/template/base.py", line 511, in parse
    compiled_result = compile_func(self, token)
  File "/home/medet/venv/lib/python3.8/site-packages/django/template/defaulttags.py", line 954, in do_if
    nodelist = parser.parse(("elif", "else", "endif"))
  File "/home/medet/venv/lib/python3.8/site-packages/django/template/base.py", line 484, in parse
    raise self.error(token, e)
  File "/home/medet/venv/lib/python3.8/site-packages/django/template/base.py", line 482, in parse
    filter_expression = self.compile_filter(token.contents)
  File "/home/medet/venv/lib/python3.8/site-packages/django/template/base.py", line 600, in compile_filter
    return FilterExpression(token, self)
  File "/home/medet/venv/lib/python3.8/site-packages/django/template/base.py", line 696, in __init__
    filter_func = parser.find_filter(filter_name)
  File "/home/medet/venv/lib/python3.8/site-packages/django/template/base.py", line 606, in find_filter
    raise TemplateSyntaxError("Invalid filter: '%s'" % filter_name)
django.template.exceptions.TemplateSyntaxError: Invalid filter: 'datsdsde'
Not Found: //insurance/images/logo.png
Not Found: //index/images/logo.png
Not Found: //insurance/images/logo.png
Not Found: //index/images/logo.png
Not Found: //pay_program/list/images/logo.png
Bad Request: /api/customer_management/customer/create
Not Found: //pay_program/list/images/logo.png
Not Found: //index/images/logo.png
Not Found: //insurance/images/logo.png
Not Found: //index/images/logo.png
Not Found: //doctor/list/images/logo.png
Not Found: //doctor/list/images/favicon.ico
Not Found: //index/images/logo.png
Not Found: //insurance/images/logo.png
Not Found: //index/images/logo.png
Not Found: //attached_document/images/logo.png
Not Found: //attached_document/images/favicon.ico
Not Found: //index/images/logo.png
Not Found: //index/images/logo.png
Not Found: //doctor/list/images/logo.png
Not Found: //doctor/list/images/logo.png
Not Found: //doctor/list/images/logo.png
Not Found: //doctor/list/images/favicon.ico
Not Found: //doctor/list/images/logo.png
Not Found: //doctor/list/images/logo.png
Not Found: //doctor/list/images/logo.png
Not Found: //doctor/list/images/logo.png
Not Found: //doctor/list/images/logo.png
Not Found: //doctor/list/images/logo.png
Not Found: //doctor/list/images/logo.png
Not Found: /
Not Found: /
Not Found: /
Not Found: //doctor/list/images/logo.png
Not Found: //doctor/list/images/logo.png
Not Found: //D44BA9/markezi_clinik/doctor/list/images/logo.png
Not Found: //D44BA9/markezi_clinik/doctor/list/images/favicon.ico
Not Found: //D44BA9/markezi_clinik/doctor/list/images/logo.png
Not Found: //index/images/logo.png
Not Found: //index/images/favicon.ico
Not Found: //attached_document/images/logo.png
Not Found: //attached_document/images/favicon.ico
Not Found: //attached_document/images/logo.png
Not Found: //index/images/logo.png
Not Found: //index/images/logo.png
Not Found: //index/images/logo.png
Not Found: /
Not Found: /favicon.ico
Not Found: /
Not Found: /
Not Found: /
Not Found: /
Not Found: /
Not Found: /
Not Found: /favicon.ico
Not Found: /wp-login.php
Not Found: /robots.txt
Not Found: /
Not Found: /
[2023-06-01 23:30:20 +0000] [760] [INFO] Starting gunicorn 20.1.0
[2023-06-01 23:30:20 +0000] [760] [INFO] Listening at: http://127.0.0.1:8000 (760)
[2023-06-01 23:30:20 +0000] [760] [INFO] Using worker: sync
[2023-06-01 23:30:20 +0000] [792] [INFO] Booting worker with pid: 792
[2023-06-01 23:30:20 +0000] [814] [INFO] Booting worker with pid: 814
[2023-06-01 23:30:20 +0000] [820] [INFO] Booting worker with pid: 820
Not Found: /
Not Found: /robots.txt
Not Found: /
Not Found: /
Not Found: /
Not Found: /
Not Found: /
Not Found: /
Not Found: /
Not Found: /
Not Found: /
Not Found: /
Not Found: /
Not Found: /
Not Found: /
Not Found: /
Not Found: /
Not Found: /robots.txt
Not Found: /favicon.ico
Not Found: /wp-login.php
Not Found: /
Not Found: /
Not Found: /
Not Found: /
Not Found: /
Not Found: /
Not Found: /
Not Found: /
Not Found: /
Not Found: /
Not Found: /
Not Found: /
Not Found: /
Not Found: /
Not Found: /wp-login.php
Not Found: /
Not Found: /
Not Found: /
Not Found: /
Not Found: /
Not Found: /
Not Found: /
Not Found: /
Not Found: /
Not Found: /
Not Found: /
Not Found: /
Not Found: /
Not Found: /
Not Found: /
Not Found: /
Not Found: /
Not Found: /
Not Found: /
Not Found: /
Not Found: /
Not Found: /
Not Found: /robots.txt
Not Found: /
Not Found: /
Not Found: /
Not Found: /
Not Found: /api/customer_management/customer//detail
Not Found: /api/customer_management/customer//detail
Not Found: /api/customer_management/customer//detail
Not Found: /api/customer_management/customer//detail
Not Found: /favicon.ico
Not Found: /api/customer_management/customer/96/detail
Not Found: /api/customer_management/customer//detail
Not Found: /wp-login.php
Not Found: /robots.txt
Not Found: /
Not Found: /
Not Found: /
Not Found: /
Not Found: /
Not Found: /
Not Found: /
Not Found: /
Not Found: /api/customer_management/customer/961219301249/detail
Not Found: /api/customer_management/customer/961219301249/detail
Not Found: /api/customer_management/customer/961219301249/detail
Not Found: /favicon.ico
Not Found: /api/customer_management/customer/961219301249/detail
Not Found: /api/customer_management/customer/961219301249/detail
Not Found: /api/customer_management/customer/9865321475/detail
Not Found: /api/customer_management/customer/9865321475/detail
Not Found: /api/customer_management/customer/9865321475/detail
Not Found: /api/customer_management/customer/9865321475/detail
Not Found: /api/customer_management/customer/9865321475/detail
Not Found: /api/customer_management/customer/9865321475/detail
Not Found: /api/customer_management/customer/9865321475/detail
Not Found: /
Not Found: /
Not Found: /robots.txt
Not Found: /
Not Found: /
Not Found: /
Not Found: /
Not Found: /favicon.ico
Not Found: /
Not Found: /
Not Found: /
Not Found: /
Not Found: /
Not Found: /
Not Found: /
Not Found: /
Not Found: /
Not Found: /
Not Found: /
Not Found: /robots.txt
Not Found: /
Not Found: /
Not Found: /
Not Found: /robots.txt
Not Found: /
Not Found: /
Not Found: /robots.txt
Not Found: /
Not Found: /
Not Found: /
Not Found: /robots.txt
Not Found: /
Not Found: /
Not Found: /
Not Found: /
Not Found: /
Not Found: /
Not Found: /favicon.ico
Not Found: /
Not Found: /
Not Found: /
Not Found: /
Not Found: /
Not Found: /
Not Found: /
Not Found: /
Not Found: /favicon.ico
Bad Request: /api/invoice_management/performed/services
Bad Request: /api/invoice_management/performed/services
Not Found: /
Not Found: /
Not Found: /
Not Found: /
Not Found: /
Not Found: /
Not Found: /
Not Found: /
Not Found: /
Not Found: /
Not Found: /
Not Found: /
Not Found: /
Not Found: //api/invoice_management/invoice/create
Not Found: /favicon.ico
Not Found: //api/invoice_management/invoice/create
Bad Request: /api/invoice_management/invoice/create
Bad Request: /api/invoice_management/invoice/create
Not Found: /
Not Found: /wp-login.php
Not Found: /robots.txt
Not Found: /
Not Found: /
Not Found: /robots.txt
Not Found: /
Not Found: /
Not Found: /_ignition/health-check/
Not Found: /public/_ignition/health-check/
Not Found: /wp-includes/wlwmanifest.xml
Not Found: /
Not Found: /
Not Found: /
Not Found: /robots.txt
Not Found: /
Not Found: /
Not Found: /
Not Found: /
Not Found: /
Not Found: /
Not Found: /
Not Found: /favicon.ico
Not Found: /api/customer_management/customer/id_surname/detail
Not Found: /favicon.ico
Not Found: /favicon.ico
Not Found: /favicon.ico
Bad Request: /api/invoice_management/invoice/create
Bad Request: /api/invoice_management/invoice/create
Not Found: /
Not Found: /
Not Found: /
Not Found: /
Not Found: /robots.txt
Not Found: /
Not Found: /
Not Found: /wp-login.php
Not Found: /robots.txt
Not Found: /
Not Found: /
Not Found: /
Not Found: /
Not Found: /favicon.ico
Not Found: /
Not Found: /
Not Found: /
Not Found: /
Not Found: /robots.txt
Not Found: /
Not Found: /
Not Found: /
Not Found: /
Not Found: /
Not Found: /
Not Found: /
Not Found: /
Not Found: /
Not Found: /
Not Found: /robots.txt
Not Found: /
Not Found: /
Not Found: /
Not Found: /favicon.ico
Not Found: /
Not Found: /
Not Found: /
Not Found: /
Not Found: /
Not Found: /favicon.ico
Not Found: /robots.txt
Not Found: /
Not Found: /
Not Found: /robots.txt
Not Found: /
Not Found: /
Not Found: /robots.txt
Not Found: /
Not Found: /
Not Found: /
Not Found: /
Not Found: /
Bad Request: /api/invoice_management/performed/services
Not Found: /api/customer_management/customer/96129301249/detail
Not Found: /api/customer_management/customer/96129301249/detail
Not Found: /api/customer_management/customer/96129301249/detail
Not Found: /api/customer_management/customer/96129301249/detail
Not Found: /favicon.ico
Not Found: /api/customer_management/customer/96129301249/detail
Not Found: /api/customer_management/customer/96129301249/detail
Not Found: /api/customer_management/customer/96129301249/detail
Not Found: /api/customer_management/customer/96129301249/detail
Not Found: /api/customer_management/customer/96129301249/detail
Not Found: /api/customer_management/customer/96129301249/detail
Not Found: /api/customer_management/customer/96129301249/detail
Not Found: /api/customer_management/customer/96129301249/detail
Not Found: /api/customer_management/customer/96129301249/detail
Not Found: /api/customer_management/customer/96129301249/detail
Not Found: /api/customer_management/customer/96129301249/detail
Not Found: /api/customer_management/customer/96129301249/detail
Not Found: /api/customer_management/customer/96129301249/detail
Not Found: /
Not Found: /
Not Found: /
Not Found: /
Not Found: /
Not Found: /robots.txt
Not Found: /
Not Found: /
Not Found: /
Not Found: /favicon.ico
Not Found: /
Not Found: /wp-includes/wlwmanifest.xml
Not Found: /administrator/index.php
Not Found: /view-source:
Not Found: /misc/ajax.js
Not Found: /
Not Found: /img/bg.jpg
Not Found: /favicon.ico
Unauthorized: /api/google_extension/index/api
Unauthorized: /api/google_extension/index/api
Not Found: /favicon.ico
Unauthorized: /api/google_extension/index/api
Forbidden: /api-token-auth/
Unauthorized: /api/google_extension/index/api
Unauthorized: /api/google_extension/index/api
Forbidden: /api-token-auth/
Unauthorized: /api/google_extension/index/api
Unauthorized: /api/google_extension/index/api
Unauthorized: /api/google_extension/index/api
Forbidden: /api-token-auth/
Unauthorized: /api/google_extension/index/api
Forbidden: /api-token-auth/
Forbidden: /api-token-auth/
Unauthorized: /api/google_extension/index/api
Unauthorized: /api/google_extension/index/api
Forbidden: /api-token-auth/
Forbidden: /api-token-auth/
Unauthorized: /api/google_extension/index/api
Unauthorized: /api/google_extension/index/api
Forbidden: /api-token-auth/
Unauthorized: /api/google_extension/index/api
Unauthorized: /api/google_extension/index/api
Forbidden: /api-token-auth/
Unauthorized: /api/google_extension/index/api
Unauthorized: /api/google_extension/index/api
Not Found: /favicon.ico
Not Found: /api/referral_management/perform/194/template
Not Found: /api/referral_management/perform/194/template
Not Found: /api/referral_management/perform/194/template
Not Found: /api/referral_management/perform/194/template
Not Found: /api/referral_management/perform/194/template
Internal Server Error: /api/document_management/986532147/attached/document/create/template
Traceback (most recent call last):
  File "/home/medet/venv/lib/python3.8/site-packages/django/core/handlers/exception.py", line 55, in inner
    response = get_response(request)
  File "/home/medet/venv/lib/python3.8/site-packages/django/core/handlers/base.py", line 220, in _get_response
    response = response.render()
  File "/home/medet/venv/lib/python3.8/site-packages/django/template/response.py", line 114, in render
    self.content = self.rendered_content
  File "/home/medet/venv/lib/python3.8/site-packages/rest_framework/response.py", line 70, in rendered_content
    ret = renderer.render(self.data, accepted_media_type, context)
  File "/home/medet/venv/lib/python3.8/site-packages/rest_framework/renderers.py", line 160, in render
    template = self.resolve_template(template_names)
  File "/home/medet/venv/lib/python3.8/site-packages/rest_framework/renderers.py", line 170, in resolve_template
    return loader.select_template(template_names)
  File "/home/medet/venv/lib/python3.8/site-packages/django/template/loader.py", line 47, in select_template
    raise TemplateDoesNotExist(", ".join(template_name_list), chain=chain)
django.template.exceptions.TemplateDoesNotExist: document_management/api/attached_document/form.html
Internal Server Error: /api/document_management/986532147/attached/document/create/template
Traceback (most recent call last):
  File "/home/medet/venv/lib/python3.8/site-packages/django/core/handlers/exception.py", line 55, in inner
    response = get_response(request)
  File "/home/medet/venv/lib/python3.8/site-packages/django/core/handlers/base.py", line 220, in _get_response
    response = response.render()
  File "/home/medet/venv/lib/python3.8/site-packages/django/template/response.py", line 114, in render
    self.content = self.rendered_content
  File "/home/medet/venv/lib/python3.8/site-packages/rest_framework/response.py", line 70, in rendered_content
    ret = renderer.render(self.data, accepted_media_type, context)
  File "/home/medet/venv/lib/python3.8/site-packages/rest_framework/renderers.py", line 160, in render
    template = self.resolve_template(template_names)
  File "/home/medet/venv/lib/python3.8/site-packages/rest_framework/renderers.py", line 170, in resolve_template
    return loader.select_template(template_names)
  File "/home/medet/venv/lib/python3.8/site-packages/django/template/loader.py", line 47, in select_template
    raise TemplateDoesNotExist(", ".join(template_name_list), chain=chain)
django.template.exceptions.TemplateDoesNotExist: document_management/api/attached_document/form.html
Internal Server Error: /api/document_management/986532147/attached/document/create/template
Traceback (most recent call last):
  File "/home/medet/venv/lib/python3.8/site-packages/django/core/handlers/exception.py", line 55, in inner
    response = get_response(request)
  File "/home/medet/venv/lib/python3.8/site-packages/django/core/handlers/base.py", line 220, in _get_response
    response = response.render()
  File "/home/medet/venv/lib/python3.8/site-packages/django/template/response.py", line 114, in render
    self.content = self.rendered_content
  File "/home/medet/venv/lib/python3.8/site-packages/rest_framework/response.py", line 70, in rendered_content
    ret = renderer.render(self.data, accepted_media_type, context)
  File "/home/medet/venv/lib/python3.8/site-packages/rest_framework/renderers.py", line 160, in render
    template = self.resolve_template(template_names)
  File "/home/medet/venv/lib/python3.8/site-packages/rest_framework/renderers.py", line 170, in resolve_template
    return loader.select_template(template_names)
  File "/home/medet/venv/lib/python3.8/site-packages/django/template/loader.py", line 47, in select_template
    raise TemplateDoesNotExist(", ".join(template_name_list), chain=chain)
django.template.exceptions.TemplateDoesNotExist: document_management/api/attached_document/form.html
Not Found: /api/referral_management/perform/194/template
Not Found: /api/referral_management/perform/194/template
Not Found: /api/referral_management/perform/194/template
Not Found: /api/referral_management/perform/194/template
Unauthorized: /api/document_management/986532147/attached/document/create/template
Unauthorized: /api/document_management/986532147/attached/document/create/template
Unauthorized: /api/document_management/986532147/attached/document/create/template
Unauthorized: /api/document_management/986532147/attached/document/create/template
Unauthorized: /api/document_management/986532147/attached/document/create/template
Not Found: /api/referral_management/perform/194/template
Not Found: /api/referral_management/perform/194/template
Not Found: /api/referral_management/perform/194/template
Not Found: /api/referral_management/perform/194/template
Not Found: /api/referral_management/perform/194/template
Not Found: /api/referral_management/perform/194/template
Not Found: /api/referral_management/perform/194/template
Internal Server Error: /api/google_extension/perform/194/template
Traceback (most recent call last):
  File "/home/medet/venv/lib/python3.8/site-packages/django/core/handlers/exception.py", line 55, in inner
    response = get_response(request)
  File "/home/medet/venv/lib/python3.8/site-packages/django/core/handlers/base.py", line 197, in _get_response
    response = wrapped_callback(request, *callback_args, **callback_kwargs)
  File "/home/medet/venv/lib/python3.8/site-packages/django/views/decorators/csrf.py", line 54, in wrapped_view
    return view_func(*args, **kwargs)
  File "/home/medet/venv/lib/python3.8/site-packages/django/views/generic/base.py", line 84, in view
    return self.dispatch(request, *args, **kwargs)
  File "/home/medet/venv/lib/python3.8/site-packages/rest_framework/views.py", line 509, in dispatch
    response = self.handle_exception(exc)
  File "/home/medet/venv/lib/python3.8/site-packages/rest_framework/views.py", line 469, in handle_exception
    self.raise_uncaught_exception(exc)
  File "/home/medet/venv/lib/python3.8/site-packages/rest_framework/views.py", line 480, in raise_uncaught_exception
    raise exc
  File "/home/medet/venv/lib/python3.8/site-packages/rest_framework/views.py", line 506, in dispatch
    response = handler(request, *args, **kwargs)
  File "/home/medet/elmedi_api/google_extension/api/views.py", line 76, in post
    'contract_customer': referral.contract_customer,
AttributeError: 'Referral' object has no attribute 'contract_customer'
Unauthorized: /api/google_extension/perform/194/template
Internal Server Error: /api/google_extension/perform/194/template
Traceback (most recent call last):
  File "/home/medet/venv/lib/python3.8/site-packages/django/core/handlers/exception.py", line 55, in inner
    response = get_response(request)
  File "/home/medet/venv/lib/python3.8/site-packages/django/core/handlers/base.py", line 197, in _get_response
    response = wrapped_callback(request, *callback_args, **callback_kwargs)
  File "/home/medet/venv/lib/python3.8/site-packages/django/views/decorators/csrf.py", line 54, in wrapped_view
    return view_func(*args, **kwargs)
  File "/home/medet/venv/lib/python3.8/site-packages/django/views/generic/base.py", line 84, in view
    return self.dispatch(request, *args, **kwargs)
  File "/home/medet/venv/lib/python3.8/site-packages/rest_framework/views.py", line 509, in dispatch
    response = self.handle_exception(exc)
  File "/home/medet/venv/lib/python3.8/site-packages/rest_framework/views.py", line 469, in handle_exception
    self.raise_uncaught_exception(exc)
  File "/home/medet/venv/lib/python3.8/site-packages/rest_framework/views.py", line 480, in raise_uncaught_exception
    raise exc
  File "/home/medet/venv/lib/python3.8/site-packages/rest_framework/views.py", line 506, in dispatch
    response = handler(request, *args, **kwargs)
  File "/home/medet/elmedi_api/google_extension/api/views.py", line 76, in post
    'contract_customer': referral.contract_customer,
AttributeError: 'Referral' object has no attribute 'contract_customer'
Internal Server Error: /api/document_management/986532147/attached/document/create/template
Traceback (most recent call last):
  File "/home/medet/venv/lib/python3.8/site-packages/django/core/handlers/exception.py", line 55, in inner
    response = get_response(request)
  File "/home/medet/venv/lib/python3.8/site-packages/django/core/handlers/base.py", line 220, in _get_response
    response = response.render()
  File "/home/medet/venv/lib/python3.8/site-packages/django/template/response.py", line 114, in render
    self.content = self.rendered_content
  File "/home/medet/venv/lib/python3.8/site-packages/rest_framework/response.py", line 70, in rendered_content
    ret = renderer.render(self.data, accepted_media_type, context)
  File "/home/medet/venv/lib/python3.8/site-packages/rest_framework/renderers.py", line 160, in render
    template = self.resolve_template(template_names)
  File "/home/medet/venv/lib/python3.8/site-packages/rest_framework/renderers.py", line 170, in resolve_template
    return loader.select_template(template_names)
  File "/home/medet/venv/lib/python3.8/site-packages/django/template/loader.py", line 47, in select_template
    raise TemplateDoesNotExist(", ".join(template_name_list), chain=chain)
django.template.exceptions.TemplateDoesNotExist: document_management/api/attached_document/form.html
Internal Server Error: /api/document_management/986532147/attached/document/create/template
Traceback (most recent call last):
  File "/home/medet/venv/lib/python3.8/site-packages/django/core/handlers/exception.py", line 55, in inner
    response = get_response(request)
  File "/home/medet/venv/lib/python3.8/site-packages/django/core/handlers/base.py", line 220, in _get_response
    response = response.render()
  File "/home/medet/venv/lib/python3.8/site-packages/django/template/response.py", line 114, in render
    self.content = self.rendered_content
  File "/home/medet/venv/lib/python3.8/site-packages/rest_framework/response.py", line 70, in rendered_content
    ret = renderer.render(self.data, accepted_media_type, context)
  File "/home/medet/venv/lib/python3.8/site-packages/rest_framework/renderers.py", line 160, in render
    template = self.resolve_template(template_names)
  File "/home/medet/venv/lib/python3.8/site-packages/rest_framework/renderers.py", line 170, in resolve_template
    return loader.select_template(template_names)
  File "/home/medet/venv/lib/python3.8/site-packages/django/template/loader.py", line 47, in select_template
    raise TemplateDoesNotExist(", ".join(template_name_list), chain=chain)
django.template.exceptions.TemplateDoesNotExist: document_management/api/attached_document/form.html
Unauthorized: /api/document_management/986532147/attached/document/create/template
Internal Server Error: /api/document_management/986532147/attached/document/create/template
Traceback (most recent call last):
  File "/home/medet/venv/lib/python3.8/site-packages/django/core/handlers/exception.py", line 55, in inner
    response = get_response(request)
  File "/home/medet/venv/lib/python3.8/site-packages/django/core/handlers/base.py", line 220, in _get_response
    response = response.render()
  File "/home/medet/venv/lib/python3.8/site-packages/django/template/response.py", line 114, in render
    self.content = self.rendered_content
  File "/home/medet/venv/lib/python3.8/site-packages/rest_framework/response.py", line 70, in rendered_content
    ret = renderer.render(self.data, accepted_media_type, context)
  File "/home/medet/venv/lib/python3.8/site-packages/rest_framework/renderers.py", line 160, in render
    template = self.resolve_template(template_names)
  File "/home/medet/venv/lib/python3.8/site-packages/rest_framework/renderers.py", line 170, in resolve_template
    return loader.select_template(template_names)
  File "/home/medet/venv/lib/python3.8/site-packages/django/template/loader.py", line 47, in select_template
    raise TemplateDoesNotExist(", ".join(template_name_list), chain=chain)
django.template.exceptions.TemplateDoesNotExist: document_management/api/attached_document/form.html
Internal Server Error: /api/document_management/986532147/attached/document/create/template
Traceback (most recent call last):
  File "/home/medet/venv/lib/python3.8/site-packages/django/core/handlers/exception.py", line 55, in inner
    response = get_response(request)
  File "/home/medet/venv/lib/python3.8/site-packages/django/core/handlers/base.py", line 220, in _get_response
    response = response.render()
  File "/home/medet/venv/lib/python3.8/site-packages/django/template/response.py", line 114, in render
    self.content = self.rendered_content
  File "/home/medet/venv/lib/python3.8/site-packages/rest_framework/response.py", line 70, in rendered_content
    ret = renderer.render(self.data, accepted_media_type, context)
  File "/home/medet/venv/lib/python3.8/site-packages/rest_framework/renderers.py", line 160, in render
    template = self.resolve_template(template_names)
  File "/home/medet/venv/lib/python3.8/site-packages/rest_framework/renderers.py", line 170, in resolve_template
    return loader.select_template(template_names)
  File "/home/medet/venv/lib/python3.8/site-packages/django/template/loader.py", line 47, in select_template
    raise TemplateDoesNotExist(", ".join(template_name_list), chain=chain)
django.template.exceptions.TemplateDoesNotExist: document_management/api/attached_document/form.html
Unauthorized: /api/document_management/986532147/attached/document/create/template
Bad Request: /api-token-auth/
Bad Request: /api-token-auth/
Bad Request: /api-token-auth/
Bad Request: /api-token-auth/
Bad Request: /api-token-auth/
Bad Request: /api-token-auth/
Bad Request: /api-token-auth/
Bad Request: /api-token-auth/
Bad Request: /api-token-auth/
Bad Request: /api-token-auth/
Bad Request: /api-token-auth/
Bad Request: /api-token-auth/
Bad Request: /api-token-auth/
Bad Request: /api-token-auth/
Bad Request: /api-token-auth/
[2023-06-18 06:11:23 +0000] [760] [INFO] Handling signal: term
[2023-06-18 06:11:23 +0000] [792] [INFO] Worker exiting (pid: 792)
<QuerySet [<Referral: Referral object (194)>]>
tets.....
986532147
hospital.....
None
<QuerySet [<Referral: Referral object (194)>]>
tets.....
986532147
[2023-06-18 06:11:23 +0000] [814] [INFO] Worker exiting (pid: 814)
<QuerySet [<Referral: Referral object (194)>]>
tets.....
986532147
<QuerySet [<Referral: Referral object (194)>]>
tets.....
986532147
<QuerySet [<Referral: Referral object (194)>]>
tets.....
986532147
hospital.....
None
[2023-06-18 06:11:23 +0000] [820] [INFO] Worker exiting (pid: 820)
<QuerySet [<Referral: Referral object (194)>]>
tets.....
986532147
<QuerySet [<Referral: Referral object (194)>]>
tets.....
986532147
<QuerySet [<Referral: Referral object (194)>]>
tets.....
986532147
<QuerySet [<Referral: Referral object (194)>]>
tets.....
986532147
[2023-06-18 06:11:23 +0000] [760] [INFO] Shutting down: Master
[2023-06-18 06:11:24 +0000] [107934] [INFO] Starting gunicorn 20.1.0
[2023-06-18 06:11:24 +0000] [107934] [INFO] Listening at: http://127.0.0.1:8000 (107934)
[2023-06-18 06:11:24 +0000] [107934] [INFO] Using worker: sync
[2023-06-18 06:11:24 +0000] [107936] [INFO] Booting worker with pid: 107936
[2023-06-18 06:11:24 +0000] [107937] [INFO] Booting worker with pid: 107937
[2023-06-18 06:11:24 +0000] [107938] [INFO] Booting worker with pid: 107938
Not Found: /
Not Found: /favicon.ico
Unauthorized: /api/google_extension/index/api
Unauthorized: /api/google_extension/index/api
Unauthorized: /api/google_extension/index/api
Not Found: /api/customer_management/customer/961219301249/detail
[2023-06-18 06:15:55 +0000] [107934] [INFO] Handling signal: term
[2023-06-18 06:15:55 +0000] [107937] [INFO] Worker exiting (pid: 107937)
[2023-06-18 06:15:55 +0000] [107936] [INFO] Worker exiting (pid: 107936)
<QuerySet [<Referral: Referral object (194)>]>
tets.....
986532147
[2023-06-18 06:15:55 +0000] [107938] [INFO] Worker exiting (pid: 107938)
<QuerySet [<Referral: Referral object (194)>]>
tets.....
986532147
<QuerySet [<Referral: Referral object (194)>]>
tets.....
986532147
<QuerySet [<Referral: Referral object (194)>]>
tets.....
986532147
[2023-06-18 06:15:55 +0000] [107934] [INFO] Shutting down: Master
[2023-06-18 06:15:55 +0000] [107990] [INFO] Starting gunicorn 20.1.0
[2023-06-18 06:15:55 +0000] [107990] [INFO] Listening at: http://127.0.0.1:8000 (107990)
[2023-06-18 06:15:55 +0000] [107990] [INFO] Using worker: sync
[2023-06-18 06:15:55 +0000] [107992] [INFO] Booting worker with pid: 107992
[2023-06-18 06:15:55 +0000] [107993] [INFO] Booting worker with pid: 107993
[2023-06-18 06:15:55 +0000] [107994] [INFO] Booting worker with pid: 107994
Internal Server Error: /api/google_extension/perform/194/template
Traceback (most recent call last):
  File "/home/medet/venv/lib/python3.8/site-packages/django/core/handlers/exception.py", line 55, in inner
    response = get_response(request)
  File "/home/medet/venv/lib/python3.8/site-packages/django/core/handlers/base.py", line 197, in _get_response
    response = wrapped_callback(request, *callback_args, **callback_kwargs)
  File "/home/medet/venv/lib/python3.8/site-packages/django/views/decorators/csrf.py", line 54, in wrapped_view
    return view_func(*args, **kwargs)
  File "/home/medet/venv/lib/python3.8/site-packages/django/views/generic/base.py", line 84, in view
    return self.dispatch(request, *args, **kwargs)
  File "/home/medet/venv/lib/python3.8/site-packages/rest_framework/views.py", line 509, in dispatch
    response = self.handle_exception(exc)
  File "/home/medet/venv/lib/python3.8/site-packages/rest_framework/views.py", line 469, in handle_exception
    self.raise_uncaught_exception(exc)
  File "/home/medet/venv/lib/python3.8/site-packages/rest_framework/views.py", line 480, in raise_uncaught_exception
    raise exc
  File "/home/medet/venv/lib/python3.8/site-packages/rest_framework/views.py", line 506, in dispatch
    response = handler(request, *args, **kwargs)
  File "/home/medet/elmedi_api/google_extension/api/views.py", line 76, in post
    'contract_customer': referral.contract_customer,
AttributeError: 'Referral' object has no attribute 'contract_customer'
Unauthorized: /api/google_extension/perform/194/template
Internal Server Error: /api/google_extension/create/customer/986532147/template
Traceback (most recent call last):
  File "/home/medet/venv/lib/python3.8/site-packages/django/db/backends/utils.py", line 89, in _execute
    return self.cursor.execute(sql, params)
psycopg2.errors.NotNullViolation: null value in column "sending_hospital_id" violates not-null constraint
DETAIL:  Failing row contains (195, 0, null, 86, 192, 2023-06-18, 1, null, 16153, null, 3, null, 4082, 2, null, f).


The above exception was the direct cause of the following exception:

Traceback (most recent call last):
  File "/home/medet/venv/lib/python3.8/site-packages/django/core/handlers/exception.py", line 55, in inner
    response = get_response(request)
  File "/home/medet/venv/lib/python3.8/site-packages/django/core/handlers/base.py", line 197, in _get_response
    response = wrapped_callback(request, *callback_args, **callback_kwargs)
  File "/home/medet/venv/lib/python3.8/site-packages/django/views/decorators/csrf.py", line 54, in wrapped_view
    return view_func(*args, **kwargs)
  File "/home/medet/venv/lib/python3.8/site-packages/django/views/generic/base.py", line 84, in view
    return self.dispatch(request, *args, **kwargs)
  File "/home/medet/venv/lib/python3.8/site-packages/rest_framework/views.py", line 509, in dispatch
    response = self.handle_exception(exc)
  File "/home/medet/venv/lib/python3.8/site-packages/rest_framework/views.py", line 469, in handle_exception
    self.raise_uncaught_exception(exc)
  File "/home/medet/venv/lib/python3.8/site-packages/rest_framework/views.py", line 480, in raise_uncaught_exception
    raise exc
  File "/home/medet/venv/lib/python3.8/site-packages/rest_framework/views.py", line 506, in dispatch
    response = handler(request, *args, **kwargs)
  File "/home/medet/elmedi_api/google_extension/api/views.py", line 49, in post
    form.save()
  File "/home/medet/elmedi_api/referral_management/forms.py", line 28, in save
    form.save()
  File "/home/medet/venv/lib/python3.8/site-packages/django/db/models/base.py", line 806, in save
    self.save_base(
  File "/home/medet/venv/lib/python3.8/site-packages/django/db/models/base.py", line 857, in save_base
    updated = self._save_table(
  File "/home/medet/venv/lib/python3.8/site-packages/django/db/models/base.py", line 1000, in _save_table
    results = self._do_insert(
  File "/home/medet/venv/lib/python3.8/site-packages/django/db/models/base.py", line 1041, in _do_insert
    return manager._insert(
  File "/home/medet/venv/lib/python3.8/site-packages/django/db/models/manager.py", line 85, in manager_method
    return getattr(self.get_queryset(), name)(*args, **kwargs)
  File "/home/medet/venv/lib/python3.8/site-packages/django/db/models/query.py", line 1434, in _insert
    return query.get_compiler(using=using).execute_sql(returning_fields)
  File "/home/medet/venv/lib/python3.8/site-packages/django/db/models/sql/compiler.py", line 1621, in execute_sql
    cursor.execute(sql, params)
  File "/home/medet/venv/lib/python3.8/site-packages/django/db/backends/utils.py", line 103, in execute
    return super().execute(sql, params)
  File "/home/medet/venv/lib/python3.8/site-packages/django/db/backends/utils.py", line 67, in execute
    return self._execute_with_wrappers(
  File "/home/medet/venv/lib/python3.8/site-packages/django/db/backends/utils.py", line 80, in _execute_with_wrappers
    return executor(sql, params, many, context)
  File "/home/medet/venv/lib/python3.8/site-packages/django/db/backends/utils.py", line 89, in _execute
    return self.cursor.execute(sql, params)
  File "/home/medet/venv/lib/python3.8/site-packages/django/db/utils.py", line 91, in __exit__
    raise dj_exc_value.with_traceback(traceback) from exc_value
  File "/home/medet/venv/lib/python3.8/site-packages/django/db/backends/utils.py", line 89, in _execute
    return self.cursor.execute(sql, params)
django.db.utils.IntegrityError: null value in column "sending_hospital_id" violates not-null constraint
DETAIL:  Failing row contains (195, 0, null, 86, 192, 2023-06-18, 1, null, 16153, null, 3, null, 4082, 2, null, f).

Internal Server Error: /api/google_extension/create/customer/986532147/template
Traceback (most recent call last):
  File "/home/medet/venv/lib/python3.8/site-packages/django/db/backends/utils.py", line 89, in _execute
    return self.cursor.execute(sql, params)
psycopg2.errors.NotNullViolation: null value in column "sending_hospital_id" violates not-null constraint
DETAIL:  Failing row contains (196, 0, null, 86, 192, 2023-06-18, 1, null, 16153, null, 3, null, 4082, 2, null, f).


The above exception was the direct cause of the following exception:

Traceback (most recent call last):
  File "/home/medet/venv/lib/python3.8/site-packages/django/core/handlers/exception.py", line 55, in inner
    response = get_response(request)
  File "/home/medet/venv/lib/python3.8/site-packages/django/core/handlers/base.py", line 197, in _get_response
    response = wrapped_callback(request, *callback_args, **callback_kwargs)
  File "/home/medet/venv/lib/python3.8/site-packages/django/views/decorators/csrf.py", line 54, in wrapped_view
    return view_func(*args, **kwargs)
  File "/home/medet/venv/lib/python3.8/site-packages/django/views/generic/base.py", line 84, in view
    return self.dispatch(request, *args, **kwargs)
  File "/home/medet/venv/lib/python3.8/site-packages/rest_framework/views.py", line 509, in dispatch
    response = self.handle_exception(exc)
  File "/home/medet/venv/lib/python3.8/site-packages/rest_framework/views.py", line 469, in handle_exception
    self.raise_uncaught_exception(exc)
  File "/home/medet/venv/lib/python3.8/site-packages/rest_framework/views.py", line 480, in raise_uncaught_exception
    raise exc
  File "/home/medet/venv/lib/python3.8/site-packages/rest_framework/views.py", line 506, in dispatch
    response = handler(request, *args, **kwargs)
  File "/home/medet/elmedi_api/google_extension/api/views.py", line 49, in post
    form.save()
  File "/home/medet/elmedi_api/referral_management/forms.py", line 28, in save
    form.save()
  File "/home/medet/venv/lib/python3.8/site-packages/django/db/models/base.py", line 806, in save
    self.save_base(
  File "/home/medet/venv/lib/python3.8/site-packages/django/db/models/base.py", line 857, in save_base
    updated = self._save_table(
  File "/home/medet/venv/lib/python3.8/site-packages/django/db/models/base.py", line 1000, in _save_table
    results = self._do_insert(
  File "/home/medet/venv/lib/python3.8/site-packages/django/db/models/base.py", line 1041, in _do_insert
    return manager._insert(
  File "/home/medet/venv/lib/python3.8/site-packages/django/db/models/manager.py", line 85, in manager_method
    return getattr(self.get_queryset(), name)(*args, **kwargs)
  File "/home/medet/venv/lib/python3.8/site-packages/django/db/models/query.py", line 1434, in _insert
    return query.get_compiler(using=using).execute_sql(returning_fields)
  File "/home/medet/venv/lib/python3.8/site-packages/django/db/models/sql/compiler.py", line 1621, in execute_sql
    cursor.execute(sql, params)
  File "/home/medet/venv/lib/python3.8/site-packages/django/db/backends/utils.py", line 103, in execute
    return super().execute(sql, params)
  File "/home/medet/venv/lib/python3.8/site-packages/django/db/backends/utils.py", line 67, in execute
    return self._execute_with_wrappers(
  File "/home/medet/venv/lib/python3.8/site-packages/django/db/backends/utils.py", line 80, in _execute_with_wrappers
    return executor(sql, params, many, context)
  File "/home/medet/venv/lib/python3.8/site-packages/django/db/backends/utils.py", line 89, in _execute
    return self.cursor.execute(sql, params)
  File "/home/medet/venv/lib/python3.8/site-packages/django/db/utils.py", line 91, in __exit__
    raise dj_exc_value.with_traceback(traceback) from exc_value
  File "/home/medet/venv/lib/python3.8/site-packages/django/db/backends/utils.py", line 89, in _execute
    return self.cursor.execute(sql, params)
django.db.utils.IntegrityError: null value in column "sending_hospital_id" violates not-null constraint
DETAIL:  Failing row contains (196, 0, null, 86, 192, 2023-06-18, 1, null, 16153, null, 3, null, 4082, 2, null, f).

[2023-06-18 06:24:47 +0000] [107990] [INFO] Handling signal: term
[2023-06-18 06:24:47 +0000] [107992] [INFO] Worker exiting (pid: 107992)
<QuerySet [<Referral: Referral object (194)>]>
tets.....
986532147
hospital.....
None
<QuerySet [<Referral: Referral object (194)>]>
tets.....
986532147
[2023-06-18 06:24:47 +0000] [107993] [INFO] Worker exiting (pid: 107993)
hospital.....
None
<QuerySet [<Referral: Referral object (194)>]>
tets.....
986532147
[2023-06-18 06:24:47 +0000] [107994] [INFO] Worker exiting (pid: 107994)
<QuerySet [<Referral: Referral object (194)>]>
tets.....
986532147
hospital.....
None
[2023-06-18 06:24:47 +0000] [107990] [INFO] Shutting down: Master
[2023-06-18 06:24:47 +0000] [108512] [INFO] Starting gunicorn 20.1.0
[2023-06-18 06:24:47 +0000] [108512] [INFO] Listening at: http://127.0.0.1:8000 (108512)
[2023-06-18 06:24:47 +0000] [108512] [INFO] Using worker: sync
[2023-06-18 06:24:47 +0000] [108514] [INFO] Booting worker with pid: 108514
[2023-06-18 06:24:47 +0000] [108515] [INFO] Booting worker with pid: 108515
[2023-06-18 06:24:47 +0000] [108516] [INFO] Booting worker with pid: 108516
Unauthorized: /api/google_extension/index/api
Unauthorized: /api/google_extension/index/api
Not Found: /api/customer_management/customer/971204100200/detail
Internal Server Error: /api/google_extension/create/customer/986532147/template
Traceback (most recent call last):
  File "/home/medet/venv/lib/python3.8/site-packages/django/db/backends/utils.py", line 89, in _execute
    return self.cursor.execute(sql, params)
psycopg2.errors.NotNullViolation: null value in column "sending_hospital_id" violates not-null constraint
DETAIL:  Failing row contains (197, 0, null, 86, 192, 2023-06-18, 3, null, 13056, null, 3, null, 4532, 2, null, f).


The above exception was the direct cause of the following exception:

Traceback (most recent call last):
  File "/home/medet/venv/lib/python3.8/site-packages/django/core/handlers/exception.py", line 55, in inner
    response = get_response(request)
  File "/home/medet/venv/lib/python3.8/site-packages/django/core/handlers/base.py", line 197, in _get_response
    response = wrapped_callback(request, *callback_args, **callback_kwargs)
  File "/home/medet/venv/lib/python3.8/site-packages/django/views/decorators/csrf.py", line 54, in wrapped_view
    return view_func(*args, **kwargs)
  File "/home/medet/venv/lib/python3.8/site-packages/django/views/generic/base.py", line 84, in view
    return self.dispatch(request, *args, **kwargs)
  File "/home/medet/venv/lib/python3.8/site-packages/rest_framework/views.py", line 509, in dispatch
    response = self.handle_exception(exc)
  File "/home/medet/venv/lib/python3.8/site-packages/rest_framework/views.py", line 469, in handle_exception
    self.raise_uncaught_exception(exc)
  File "/home/medet/venv/lib/python3.8/site-packages/rest_framework/views.py", line 480, in raise_uncaught_exception
    raise exc
  File "/home/medet/venv/lib/python3.8/site-packages/rest_framework/views.py", line 506, in dispatch
    response = handler(request, *args, **kwargs)
  File "/home/medet/elmedi_api/google_extension/api/views.py", line 49, in post
    form.save()
  File "/home/medet/elmedi_api/referral_management/forms.py", line 28, in save
    form.save()
  File "/home/medet/venv/lib/python3.8/site-packages/django/db/models/base.py", line 806, in save
    self.save_base(
  File "/home/medet/venv/lib/python3.8/site-packages/django/db/models/base.py", line 857, in save_base
    updated = self._save_table(
  File "/home/medet/venv/lib/python3.8/site-packages/django/db/models/base.py", line 1000, in _save_table
    results = self._do_insert(
  File "/home/medet/venv/lib/python3.8/site-packages/django/db/models/base.py", line 1041, in _do_insert
    return manager._insert(
  File "/home/medet/venv/lib/python3.8/site-packages/django/db/models/manager.py", line 85, in manager_method
    return getattr(self.get_queryset(), name)(*args, **kwargs)
  File "/home/medet/venv/lib/python3.8/site-packages/django/db/models/query.py", line 1434, in _insert
    return query.get_compiler(using=using).execute_sql(returning_fields)
  File "/home/medet/venv/lib/python3.8/site-packages/django/db/models/sql/compiler.py", line 1621, in execute_sql
    cursor.execute(sql, params)
  File "/home/medet/venv/lib/python3.8/site-packages/django/db/backends/utils.py", line 103, in execute
    return super().execute(sql, params)
  File "/home/medet/venv/lib/python3.8/site-packages/django/db/backends/utils.py", line 67, in execute
    return self._execute_with_wrappers(
  File "/home/medet/venv/lib/python3.8/site-packages/django/db/backends/utils.py", line 80, in _execute_with_wrappers
    return executor(sql, params, many, context)
  File "/home/medet/venv/lib/python3.8/site-packages/django/db/backends/utils.py", line 89, in _execute
    return self.cursor.execute(sql, params)
  File "/home/medet/venv/lib/python3.8/site-packages/django/db/utils.py", line 91, in __exit__
    raise dj_exc_value.with_traceback(traceback) from exc_value
  File "/home/medet/venv/lib/python3.8/site-packages/django/db/backends/utils.py", line 89, in _execute
    return self.cursor.execute(sql, params)
django.db.utils.IntegrityError: null value in column "sending_hospital_id" violates not-null constraint
DETAIL:  Failing row contains (197, 0, null, 86, 192, 2023-06-18, 3, null, 13056, null, 3, null, 4532, 2, null, f).

Unauthorized: /api/google_extension/create/customer/986532147/template
Internal Server Error: /api/google_extension/create/customer/986532147/template
Traceback (most recent call last):
  File "/home/medet/venv/lib/python3.8/site-packages/django/db/backends/utils.py", line 89, in _execute
    return self.cursor.execute(sql, params)
psycopg2.errors.NotNullViolation: null value in column "sending_hospital_id" violates not-null constraint
DETAIL:  Failing row contains (198, 0, null, 86, 193, 2023-06-18, 1, null, 13055, null, 3, null, 4581, 2, null, f).


The above exception was the direct cause of the following exception:

Traceback (most recent call last):
  File "/home/medet/venv/lib/python3.8/site-packages/django/core/handlers/exception.py", line 55, in inner
    response = get_response(request)
  File "/home/medet/venv/lib/python3.8/site-packages/django/core/handlers/base.py", line 197, in _get_response
    response = wrapped_callback(request, *callback_args, **callback_kwargs)
  File "/home/medet/venv/lib/python3.8/site-packages/django/views/decorators/csrf.py", line 54, in wrapped_view
    return view_func(*args, **kwargs)
  File "/home/medet/venv/lib/python3.8/site-packages/django/views/generic/base.py", line 84, in view
    return self.dispatch(request, *args, **kwargs)
  File "/home/medet/venv/lib/python3.8/site-packages/rest_framework/views.py", line 509, in dispatch
    response = self.handle_exception(exc)
  File "/home/medet/venv/lib/python3.8/site-packages/rest_framework/views.py", line 469, in handle_exception
    self.raise_uncaught_exception(exc)
  File "/home/medet/venv/lib/python3.8/site-packages/rest_framework/views.py", line 480, in raise_uncaught_exception
    raise exc
  File "/home/medet/venv/lib/python3.8/site-packages/rest_framework/views.py", line 506, in dispatch
    response = handler(request, *args, **kwargs)
  File "/home/medet/elmedi_api/google_extension/api/views.py", line 49, in post
    form.save()
  File "/home/medet/elmedi_api/referral_management/forms.py", line 28, in save
    form.save()
  File "/home/medet/venv/lib/python3.8/site-packages/django/db/models/base.py", line 806, in save
    self.save_base(
  File "/home/medet/venv/lib/python3.8/site-packages/django/db/models/base.py", line 857, in save_base
    updated = self._save_table(
  File "/home/medet/venv/lib/python3.8/site-packages/django/db/models/base.py", line 1000, in _save_table
    results = self._do_insert(
  File "/home/medet/venv/lib/python3.8/site-packages/django/db/models/base.py", line 1041, in _do_insert
    return manager._insert(
  File "/home/medet/venv/lib/python3.8/site-packages/django/db/models/manager.py", line 85, in manager_method
    return getattr(self.get_queryset(), name)(*args, **kwargs)
  File "/home/medet/venv/lib/python3.8/site-packages/django/db/models/query.py", line 1434, in _insert
    return query.get_compiler(using=using).execute_sql(returning_fields)
  File "/home/medet/venv/lib/python3.8/site-packages/django/db/models/sql/compiler.py", line 1621, in execute_sql
    cursor.execute(sql, params)
  File "/home/medet/venv/lib/python3.8/site-packages/django/db/backends/utils.py", line 103, in execute
    return super().execute(sql, params)
  File "/home/medet/venv/lib/python3.8/site-packages/django/db/backends/utils.py", line 67, in execute
    return self._execute_with_wrappers(
  File "/home/medet/venv/lib/python3.8/site-packages/django/db/backends/utils.py", line 80, in _execute_with_wrappers
    return executor(sql, params, many, context)
  File "/home/medet/venv/lib/python3.8/site-packages/django/db/backends/utils.py", line 89, in _execute
    return self.cursor.execute(sql, params)
  File "/home/medet/venv/lib/python3.8/site-packages/django/db/utils.py", line 91, in __exit__
    raise dj_exc_value.with_traceback(traceback) from exc_value
  File "/home/medet/venv/lib/python3.8/site-packages/django/db/backends/utils.py", line 89, in _execute
    return self.cursor.execute(sql, params)
django.db.utils.IntegrityError: null value in column "sending_hospital_id" violates not-null constraint
DETAIL:  Failing row contains (198, 0, null, 86, 193, 2023-06-18, 1, null, 13055, null, 3, null, 4581, 2, null, f).

Internal Server Error: /api/google_extension/create/customer/986532147/template
Traceback (most recent call last):
  File "/home/medet/venv/lib/python3.8/site-packages/django/db/backends/utils.py", line 89, in _execute
    return self.cursor.execute(sql, params)
psycopg2.errors.NotNullViolation: null value in column "sending_hospital_id" violates not-null constraint
DETAIL:  Failing row contains (199, 0, null, 86, 193, 2023-06-18, 1, null, 13055, null, 3, null, 4581, 2, null, f).


The above exception was the direct cause of the following exception:

Traceback (most recent call last):
  File "/home/medet/venv/lib/python3.8/site-packages/django/core/handlers/exception.py", line 55, in inner
    response = get_response(request)
  File "/home/medet/venv/lib/python3.8/site-packages/django/core/handlers/base.py", line 197, in _get_response
    response = wrapped_callback(request, *callback_args, **callback_kwargs)
  File "/home/medet/venv/lib/python3.8/site-packages/django/views/decorators/csrf.py", line 54, in wrapped_view
    return view_func(*args, **kwargs)
  File "/home/medet/venv/lib/python3.8/site-packages/django/views/generic/base.py", line 84, in view
    return self.dispatch(request, *args, **kwargs)
  File "/home/medet/venv/lib/python3.8/site-packages/rest_framework/views.py", line 509, in dispatch
    response = self.handle_exception(exc)
  File "/home/medet/venv/lib/python3.8/site-packages/rest_framework/views.py", line 469, in handle_exception
    self.raise_uncaught_exception(exc)
  File "/home/medet/venv/lib/python3.8/site-packages/rest_framework/views.py", line 480, in raise_uncaught_exception
    raise exc
  File "/home/medet/venv/lib/python3.8/site-packages/rest_framework/views.py", line 506, in dispatch
    response = handler(request, *args, **kwargs)
  File "/home/medet/elmedi_api/google_extension/api/views.py", line 49, in post
    form.save()
  File "/home/medet/elmedi_api/referral_management/forms.py", line 28, in save
    form.save()
  File "/home/medet/venv/lib/python3.8/site-packages/django/db/models/base.py", line 806, in save
    self.save_base(
  File "/home/medet/venv/lib/python3.8/site-packages/django/db/models/base.py", line 857, in save_base
    updated = self._save_table(
  File "/home/medet/venv/lib/python3.8/site-packages/django/db/models/base.py", line 1000, in _save_table
    results = self._do_insert(
  File "/home/medet/venv/lib/python3.8/site-packages/django/db/models/base.py", line 1041, in _do_insert
    return manager._insert(
  File "/home/medet/venv/lib/python3.8/site-packages/django/db/models/manager.py", line 85, in manager_method
    return getattr(self.get_queryset(), name)(*args, **kwargs)
  File "/home/medet/venv/lib/python3.8/site-packages/django/db/models/query.py", line 1434, in _insert
    return query.get_compiler(using=using).execute_sql(returning_fields)
  File "/home/medet/venv/lib/python3.8/site-packages/django/db/models/sql/compiler.py", line 1621, in execute_sql
    cursor.execute(sql, params)
  File "/home/medet/venv/lib/python3.8/site-packages/django/db/backends/utils.py", line 103, in execute
    return super().execute(sql, params)
  File "/home/medet/venv/lib/python3.8/site-packages/django/db/backends/utils.py", line 67, in execute
    return self._execute_with_wrappers(
  File "/home/medet/venv/lib/python3.8/site-packages/django/db/backends/utils.py", line 80, in _execute_with_wrappers
    return executor(sql, params, many, context)
  File "/home/medet/venv/lib/python3.8/site-packages/django/db/backends/utils.py", line 89, in _execute
    return self.cursor.execute(sql, params)
  File "/home/medet/venv/lib/python3.8/site-packages/django/db/utils.py", line 91, in __exit__
    raise dj_exc_value.with_traceback(traceback) from exc_value
  File "/home/medet/venv/lib/python3.8/site-packages/django/db/backends/utils.py", line 89, in _execute
    return self.cursor.execute(sql, params)
django.db.utils.IntegrityError: null value in column "sending_hospital_id" violates not-null constraint
DETAIL:  Failing row contains (199, 0, null, 86, 193, 2023-06-18, 1, null, 13055, null, 3, null, 4581, 2, null, f).

[2023-06-18 07:07:28 +0000] [108512] [INFO] Handling signal: term
[2023-06-18 07:07:28 +0000] [108514] [INFO] Worker exiting (pid: 108514)
<QuerySet [<Referral: Referral object (194)>]>
tets.....
986532147
hospital.....
None
hospital.....
None
<QuerySet [<Referral: Referral object (194)>, <Referral: Referral object (200)>]>
tets.....
986532147
<QuerySet [<Referral: Referral object (200)>, <Referral: Referral object (194)>]>
tets.....
986532147
<QuerySet [<Referral: Referral object (200)>, <Referral: Referral object (194)>]>
tets.....
986532147
<QuerySet [<Referral: Referral object (200)>, <Referral: Referral object (194)>]>
tets.....
986532147
<QuerySet [<Referral: Referral object (200)>, <Referral: Referral object (194)>]>
tets.....
986532147
<QuerySet [<Referral: Referral object (200)>, <Referral: Referral object (194)>]>
tets.....
986532147
<QuerySet [<Referral: Referral object (191)>]>
tets.....
990101200300
[2023-06-18 07:07:28 +0000] [108515] [INFO] Worker exiting (pid: 108515)
hospital.....
None
<QuerySet [<Referral: Referral object (191)>]>
tets.....
990101200300
<QuerySet [<Referral: Referral object (191)>]>
tets.....
990101200300
<QuerySet [<Referral: Referral object (191)>]>
tets.....
990101200300
[2023-06-18 07:07:28 +0000] [108516] [INFO] Worker exiting (pid: 108516)
hospital.....
None
<QuerySet [<Referral: Referral object (194)>]>
tets.....
986532147
hospital.....
None
<QuerySet [<Referral: Referral object (194)>]>
tets.....
986532147
<QuerySet [<Referral: Referral object (194)>]>
tets.....
986532147
hospital.....
None
hospital.....
None
<QuerySet [<Referral: Referral object (194)>]>
tets.....
986532147
hospital.....
Маркази Клиник
hospital.....
None
hospital.....
None
<QuerySet [<Referral: Referral object (200)>, <Referral: Referral object (194)>]>
tets.....
986532147
<QuerySet [<Referral: Referral object (191)>]>
tets.....
990101200300
<QuerySet [<Referral: Referral object (191)>]>
tets.....
990101200300
<QuerySet [<Referral: Referral object (191)>]>
tets.....
990101200300
<QuerySet [<Referral: Referral object (191)>]>
tets.....
990101200300
<QuerySet [<Referral: Referral object (191)>]>
tets.....
990101200300
[2023-06-18 07:07:28 +0000] [108512] [INFO] Shutting down: Master
[2023-06-18 07:07:28 +0000] [108982] [INFO] Starting gunicorn 20.1.0
[2023-06-18 07:07:28 +0000] [108982] [INFO] Listening at: http://127.0.0.1:8000 (108982)
[2023-06-18 07:07:28 +0000] [108982] [INFO] Using worker: sync
[2023-06-18 07:07:28 +0000] [108984] [INFO] Booting worker with pid: 108984
[2023-06-18 07:07:28 +0000] [108985] [INFO] Booting worker with pid: 108985
[2023-06-18 07:07:28 +0000] [108986] [INFO] Booting worker with pid: 108986
[2023-06-18 07:07:52 +0000] [108982] [INFO] Handling signal: term
[2023-06-18 07:07:52 +0000] [108985] [INFO] Worker exiting (pid: 108985)
[2023-06-18 07:07:52 +0000] [108984] [INFO] Worker exiting (pid: 108984)
[2023-06-18 07:07:52 +0000] [108986] [INFO] Worker exiting (pid: 108986)
<QuerySet [<Referral: Referral object (191)>]>
tets.....
990101200300
[2023-06-18 07:07:52 +0000] [108982] [INFO] Shutting down: Master
[2023-06-18 07:07:53 +0000] [108998] [INFO] Starting gunicorn 20.1.0
[2023-06-18 07:07:53 +0000] [108998] [INFO] Listening at: http://127.0.0.1:8000 (108998)
[2023-06-18 07:07:53 +0000] [108998] [INFO] Using worker: sync
[2023-06-18 07:07:53 +0000] [109000] [INFO] Booting worker with pid: 109000
[2023-06-18 07:07:53 +0000] [109001] [INFO] Booting worker with pid: 109001
[2023-06-18 07:07:53 +0000] [109002] [INFO] Booting worker with pid: 109002
[2023-06-18 07:08:00 +0000] [108998] [INFO] Handling signal: term
[2023-06-18 07:08:00 +0000] [109002] [INFO] Worker exiting (pid: 109002)
[2023-06-18 07:08:00 +0000] [109000] [INFO] Worker exiting (pid: 109000)
[2023-06-18 07:08:00 +0000] [109001] [INFO] Worker exiting (pid: 109001)
<QuerySet [<Referral: Referral object (191)>]>
tets.....
990101200300
[2023-06-18 07:08:00 +0000] [108998] [INFO] Shutting down: Master
[2023-06-18 07:08:01 +0000] [109009] [INFO] Starting gunicorn 20.1.0
[2023-06-18 07:08:01 +0000] [109009] [INFO] Listening at: http://127.0.0.1:8000 (109009)
[2023-06-18 07:08:01 +0000] [109009] [INFO] Using worker: sync
[2023-06-18 07:08:01 +0000] [109011] [INFO] Booting worker with pid: 109011
[2023-06-18 07:08:01 +0000] [109012] [INFO] Booting worker with pid: 109012
[2023-06-18 07:08:01 +0000] [109013] [INFO] Booting worker with pid: 109013
Unauthorized: /api/google_extension/index/api
Not Found: /robots.txt
Not Found: /
Not Found: /
Not Found: /robots.txt
Not Found: /
Not Found: /
Not Found: /robots.txt
Not Found: /
Not Found: /
Not Found: /
Not Found: /
Not Found: /
Not Found: /
Not Found: /robots.txt
Not Found: /
Not Found: /
Not Found: /
Not Found: /
Not Found: /
Not Found: /robots.txt
Not Found: /
Not Found: /
Unauthorized: /api/google_extension/index/api
Not Found: /api/customer_management/customer/971204300200/detail
Not Found: /api/customer_management/customer/971204300200/detail
Not Found: /api/customer_management/customer/971204300200/detail
Not Found: /api/customer_management/customer/971204300200/detail
Not Found: /api/customer_management/customer/971204300200/detail
Not Found: /api/customer_management/customer/971204300200/detail
Not Found: /api/customer_management/customer/Еламан Жанбайбек/detail
Not Found: /api/customer_management/customer/Еламан Жанбайбек/detail
Not Found: /api/customer_management/customer/Еламан Жанбайбек/detail
Not Found: /api/customer_management/customer/Еламан Жанбайбек/detail
Not Found: /api/customer_management/customer/Еламан Жанбайбек/detail
Not Found: /api/customer_management/customer/Еламан Жанбайбек/detail
Not Found: /api/customer_management/customer/Еламан Жанбайбек/detail
Not Found: /api/customer_management/customer/Еламан Жанбайбек/detail
Not Found: /api/customer_management/customer/Еламан Жанбайбек/detail
Not Found: /api/customer_management/customer/Еламан Жанбайбек/detail
Not Found: /api/customer_management/customer/Еламан Жанбайбек/detail
Not Found: /api/customer_management/customer/Еламан Жанбайбек/detail
Not Found: /api/customer_management/customer/Еламан Жанбайбек/detail
Not Found: /api/customer_management/customer/Еламан Жанбайбек/detail
Not Found: /
Not Found: /robots.txt
Not Found: /
Not Found: /
Not Found: /api/customer_management/customer/asdsad/detail
Not Found: /
Not Found: /img/bg.jpg
Not Found: /favicon.ico
Not Found: /robots.txt
Not Found: /
Bad Request: /api-token-auth/
Bad Request: /api-token-auth/
Unauthorized: /api/google_extension/index/api
Not Found: /img/bg.jpg
Not Found: /favicon.ico
Not Found: //index/images/logo.png
Not Found: //index/images/favicon.ico
Not Found: /img/bg.jpg
Not Found: //attached_document/images/logo.png
Not Found: //attached_document/images/favicon.ico
Not Found: /img/bg.jpg
Not Found: /robots.txt
Not Found: /
Not Found: /
Not Found: /img/bg.jpg
Not Found: //index/images/logo.png
Not Found: //doctor/list/images/logo.png
Not Found: //doctor/list/images/favicon.ico
Not Found: //doctor/list/images/logo.png
Not Found: //doctor/list/images/logo.png
Not Found: //7D4128/markezi_clinik/doctor/list/images/logo.png
Not Found: //7D4128/markezi_clinik/doctor/list/images/favicon.ico
Not Found: //7D4128/markezi_clinik/doctor/list/images/logo.png
Not Found: //index/images/logo.png
Not Found: /
Not Found: /favicon.ico
Not Found: /robots.txt
Not Found: /
Not Found: /
Not Found: /
Not Found: /robots.txt
Not Found: /
Not Found: /
Not Found: /img/bg.jpg
Not Found: /favicon.ico
Not Found: /register/images/favicon.ico
Not Found: /img/bg.jpg
Not Found: /
Not Found: /img/bg.jpg
Not Found: //index/images/logo.png
Not Found: //index/images/favicon.ico
Not Found: /
Not Found: /img/bg.jpg
Not Found: /
Not Found: /
Not Found: /img/bg.jpg
[2023-06-19 11:51:08 +0000] [109009] [INFO] Handling signal: term
[2023-06-19 11:51:08 +0000] [109012] [INFO] Worker exiting (pid: 109012)
[2023-06-19 11:51:08 +0000] [109013] [INFO] Worker exiting (pid: 109013)
<QuerySet [<Referral: Referral object (191)>]>
tets.....
990101200300
<QuerySet [<Referral: Referral object (200)>, <Referral: Referral object (194)>]>
tets.....
986532147
<QuerySet [<Referral: Referral object (200)>, <Referral: Referral object (194)>]>
tets.....
986532147
<QuerySet [<Referral: Referral object (200)>, <Referral: Referral object (194)>]>
tets.....
986532147
<QuerySet [<Referral: Referral object (200)>, <Referral: Referral object (194)>]>
tets.....
986532147
<QuerySet [<Referral: Referral object (200)>, <Referral: Referral object (194)>]>
tets.....
986532147
<QuerySet [<Referral: Referral object (200)>, <Referral: Referral object (194)>]>
tets.....
986532147
<QuerySet [<Referral: Referral object (200)>, <Referral: Referral object (194)>]>
tets.....
986532147
hospital.....
None
<QuerySet [<Referral: Referral object (200)>, <Referral: Referral object (194)>]>
tets.....
986532147
hospital.....
None
hospital.....
None
<QuerySet [<Referral: Referral object (200)>, <Referral: Referral object (194)>]>
tets.....
986532147
hospital.....
None
<QuerySet [<Referral: Referral object (200)>, <Referral: Referral object (201)>, <Referral: Referral object (194)>]>
tets.....
986532147
<QuerySet [<Referral: Referral object (200)>, <Referral: Referral object (201)>, <Referral: Referral object (194)>]>
tets.....
986532147
<QuerySet [<Referral: Referral object (185)>, <Referral: Referral object (184)>]>
tets.....
980822300100
hospital.....
None
<QuerySet [<Referral: Referral object (200)>, <Referral: Referral object (201)>, <Referral: Referral object (194)>]>
tets.....
986532147
hospital.....
Маркази Клиник
<QuerySet [<Referral: Referral object (185)>, <Referral: Referral object (184)>, <Referral: Referral object (202)>]>
tets.....
980822300100
<QuerySet [<Referral: Referral object (200)>, <Referral: Referral object (201)>, <Referral: Referral object (194)>]>
tets.....
986532147
<QuerySet [<Referral: Referral object (185)>, <Referral: Referral object (184)>, <Referral: Referral object (202)>]>
tets.....
980822300100
<QuerySet [<Referral: Referral object (185)>, <Referral: Referral object (202)>, <Referral: Referral object (184)>]>
tets.....
980822300100
hospital.....
None
<QuerySet [<Referral: Referral object (185)>, <Referral: Referral object (202)>, <Referral: Referral object (184)>]>
tets.....
980822300100
hospital.....
Маркази Клиник
<QuerySet [<Referral: Referral object (203)>, <Referral: Referral object (185)>, <Referral: Referral object (202)>, <Referral: Referral object (184)>]>
tets.....
980822300100
<QuerySet [<Referral: Referral object (191)>]>
tets.....
990101200300
<QuerySet [<Referral: Referral object (191)>]>
tets.....
990101200300
<QuerySet [<Referral: Referral object (191)>]>
tets.....
990101200300
hospital.....
None
hospital.....
None
<QuerySet [<Referral: Referral object (191)>]>
tets.....
990101200300
<QuerySet [<Referral: Referral object (191)>]>
tets.....
990101200300
<QuerySet [<Referral: Referral object (191)>]>
tets.....
990101200300
<QuerySet [<Referral: Referral object (191)>]>
tets.....
990101200300
<QuerySet [<Referral: Referral object (200)>, <Referral: Referral object (194)>]>
tets.....
986532147
<QuerySet [<Referral: Referral object (200)>, <Referral: Referral object (194)>]>
tets.....
986532147
<QuerySet [<Referral: Referral object (200)>, <Referral: Referral object (194)>]>
tets.....
986532147
<QuerySet [<Referral: Referral object (200)>, <Referral: Referral object (194)>]>
tets.....
986532147
<QuerySet [<Referral: Referral object (200)>, <Referral: Referral object (194)>]>
tets.....
986532147
<QuerySet [<Referral: Referral object (200)>, <Referral: Referral object (194)>]>
tets.....
986532147
<QuerySet [<Referral: Referral object (200)>, <Referral: Referral object (194)>]>
tets.....
986532147
<QuerySet [<Referral: Referral object (200)>, <Referral: Referral object (194)>]>
tets.....
986532147
<QuerySet [<Referral: Referral object (200)>, <Referral: Referral object (194)>]>
tets.....
986532147
hospital.....
None
hospital.....
None
hospital.....
None
<QuerySet [<Referral: Referral object (200)>, <Referral: Referral object (194)>]>
tets.....
986532147
<QuerySet [<Referral: Referral object (200)>, <Referral: Referral object (194)>]>
tets.....
986532147
<QuerySet [<Referral: Referral object (200)>, <Referral: Referral object (194)>]>
tets.....
986532147
<QuerySet [<Referral: Referral object (200)>, <Referral: Referral object (194)>]>
tets.....
986532147
hospital.....
Маркази Клиник
<QuerySet [<Referral: Referral object (200)>, <Referral: Referral object (201)>, <Referral: Referral object (194)>]>
tets.....
986532147
hospital.....
None
<QuerySet [<Referral: Referral object (185)>, <Referral: Referral object (184)>]>
tets.....
980822300100
<QuerySet [<Referral: Referral object (185)>, <Referral: Referral object (184)>]>
tets.....
980822300100
<QuerySet [<Referral: Referral object (185)>, <Referral: Referral object (202)>, <Referral: Referral object (184)>]>
tets.....
980822300100
<QuerySet [<Referral: Referral object (200)>, <Referral: Referral object (201)>, <Referral: Referral object (194)>]>
tets.....
986532147
hospital.....
None
<QuerySet [<Referral: Referral object (203)>, <Referral: Referral object (185)>, <Referral: Referral object (202)>, <Referral: Referral object (184)>]>
tets.....
980822300100
<QuerySet [<Referral: Referral object (191)>, <Referral: Referral object (204)>]>
tets.....
990101200300
[2023-06-19 11:51:08 +0000] [109011] [INFO] Worker exiting (pid: 109011)
<QuerySet [<Referral: Referral object (191)>]>
tets.....
990101200300
<QuerySet [<Referral: Referral object (191)>]>
tets.....
990101200300
<QuerySet [<Referral: Referral object (200)>, <Referral: Referral object (194)>]>
tets.....
986532147
hospital.....
None
<QuerySet [<Referral: Referral object (200)>, <Referral: Referral object (194)>]>
tets.....
986532147
<QuerySet [<Referral: Referral object (200)>, <Referral: Referral object (194)>]>
tets.....
986532147
<QuerySet [<Referral: Referral object (200)>, <Referral: Referral object (194)>]>
tets.....
986532147
<QuerySet [<Referral: Referral object (200)>, <Referral: Referral object (194)>]>
tets.....
986532147
<QuerySet [<Referral: Referral object (200)>, <Referral: Referral object (194)>]>
tets.....
986532147
<QuerySet [<Referral: Referral object (200)>, <Referral: Referral object (194)>]>
tets.....
986532147
<QuerySet [<Referral: Referral object (200)>, <Referral: Referral object (194)>]>
tets.....
986532147
<QuerySet [<Referral: Referral object (200)>, <Referral: Referral object (194)>]>
tets.....
986532147
<QuerySet [<Referral: Referral object (200)>, <Referral: Referral object (194)>]>
tets.....
986532147
<QuerySet [<Referral: Referral object (200)>, <Referral: Referral object (194)>]>
tets.....
986532147
<QuerySet [<Referral: Referral object (200)>, <Referral: Referral object (194)>]>
tets.....
986532147
<QuerySet [<Referral: Referral object (200)>, <Referral: Referral object (194)>]>
tets.....
986532147
<QuerySet [<Referral: Referral object (200)>, <Referral: Referral object (194)>]>
tets.....
986532147
hospital.....
None
<QuerySet [<Referral: Referral object (200)>, <Referral: Referral object (194)>]>
tets.....
986532147
<QuerySet [<Referral: Referral object (200)>, <Referral: Referral object (201)>, <Referral: Referral object (194)>]>
tets.....
986532147
<QuerySet [<Referral: Referral object (200)>, <Referral: Referral object (201)>, <Referral: Referral object (194)>]>
tets.....
986532147
<QuerySet [<Referral: Referral object (200)>, <Referral: Referral object (201)>, <Referral: Referral object (194)>]>
tets.....
986532147
<QuerySet [<Referral: Referral object (200)>, <Referral: Referral object (201)>, <Referral: Referral object (194)>]>
tets.....
986532147
<QuerySet [<Referral: Referral object (184)>, <Referral: Referral object (185)>]>
tets.....
980822300100
hospital.....
None
<QuerySet [<Referral: Referral object (200)>, <Referral: Referral object (201)>, <Referral: Referral object (194)>]>
tets.....
986532147
<QuerySet [<Referral: Referral object (185)>, <Referral: Referral object (202)>, <Referral: Referral object (184)>]>
tets.....
980822300100
<QuerySet [<Referral: Referral object (185)>, <Referral: Referral object (202)>, <Referral: Referral object (184)>]>
tets.....
980822300100
<QuerySet [<Referral: Referral object (191)>, <Referral: Referral object (204)>]>
tets.....
990101200300
[2023-06-19 11:51:09 +0000] [109009] [INFO] Shutting down: Master
[2023-06-19 11:51:09 +0000] [115478] [INFO] Starting gunicorn 20.1.0
[2023-06-19 11:51:09 +0000] [115478] [INFO] Listening at: http://127.0.0.1:8000 (115478)
[2023-06-19 11:51:09 +0000] [115478] [INFO] Using worker: sync
[2023-06-19 11:51:09 +0000] [115480] [INFO] Booting worker with pid: 115480
[2023-06-19 11:51:09 +0000] [115481] [INFO] Booting worker with pid: 115481
[2023-06-19 11:51:09 +0000] [115482] [INFO] Booting worker with pid: 115482
[2023-06-19 11:54:31 +0000] [115478] [INFO] Handling signal: term
[2023-06-19 11:54:31 +0000] [115482] [INFO] Worker exiting (pid: 115482)
[2023-06-19 11:54:31 +0000] [115480] [INFO] Worker exiting (pid: 115480)
[2023-06-19 11:54:31 +0000] [115481] [INFO] Worker exiting (pid: 115481)
[2023-06-19 11:54:32 +0000] [115478] [INFO] Shutting down: Master
[2023-06-19 11:54:32 +0000] [115502] [INFO] Starting gunicorn 20.1.0
[2023-06-19 11:54:32 +0000] [115502] [INFO] Listening at: http://127.0.0.1:8000 (115502)
[2023-06-19 11:54:32 +0000] [115502] [INFO] Using worker: sync
[2023-06-19 11:54:32 +0000] [115504] [INFO] Booting worker with pid: 115504
[2023-06-19 11:54:32 +0000] [115505] [INFO] Booting worker with pid: 115505
[2023-06-19 11:54:32 +0000] [115506] [INFO] Booting worker with pid: 115506
[2023-06-19 11:56:11 +0000] [115502] [INFO] Handling signal: term
[2023-06-19 11:56:11 +0000] [115505] [INFO] Worker exiting (pid: 115505)
[2023-06-19 11:56:11 +0000] [115506] [INFO] Worker exiting (pid: 115506)
[2023-06-19 11:56:11 +0000] [115504] [INFO] Worker exiting (pid: 115504)
[2023-06-19 11:56:11 +0000] [115502] [INFO] Shutting down: Master
[2023-06-19 11:56:11 +0000] [115522] [INFO] Starting gunicorn 20.1.0
[2023-06-19 11:56:11 +0000] [115522] [INFO] Listening at: http://127.0.0.1:8000 (115522)
[2023-06-19 11:56:11 +0000] [115522] [INFO] Using worker: sync
[2023-06-19 11:56:11 +0000] [115524] [INFO] Booting worker with pid: 115524
[2023-06-19 11:56:12 +0000] [115525] [INFO] Booting worker with pid: 115525
[2023-06-19 11:56:12 +0000] [115526] [INFO] Booting worker with pid: 115526
Not Found: /img/bg.jpg
Not Found: //index/images/logo.png
[2023-06-19 11:57:07 +0000] [115522] [INFO] Handling signal: term
[2023-06-19 11:57:07 +0000] [115525] [INFO] Worker exiting (pid: 115525)
[2023-06-19 11:57:07 +0000] [115526] [INFO] Worker exiting (pid: 115526)
[2023-06-19 11:57:07 +0000] [115524] [INFO] Worker exiting (pid: 115524)
[2023-06-19 11:57:07 +0000] [115522] [INFO] Shutting down: Master
[2023-06-19 11:57:07 +0000] [115539] [INFO] Starting gunicorn 20.1.0
[2023-06-19 11:57:07 +0000] [115539] [INFO] Listening at: http://127.0.0.1:8000 (115539)
[2023-06-19 11:57:07 +0000] [115539] [INFO] Using worker: sync
[2023-06-19 11:57:07 +0000] [115541] [INFO] Booting worker with pid: 115541
[2023-06-19 11:57:08 +0000] [115542] [INFO] Booting worker with pid: 115542
[2023-06-19 11:57:08 +0000] [115543] [INFO] Booting worker with pid: 115543
Not Found: //insurance/images/logo.png
Not Found: //insurance/images/favicon.ico
Not Found: /
Not Found: /
Not Found: //insurance/images/logo.png
Not Found: //insurance/images/logo.png
Not Found: //insurance/images/logo.png
Not Found: //insurance/images/logo.png
Not Found: //insurance/images/logo.png
Not Found: //index/images/logo.png
Not Found: //index/images/logo.png
Not Found: //index/images/logo.png
Not Found: /
Not Found: //index/images/logo.png
Not Found: //index/images/logo.png
Not Found: //pay_program/list/images/logo.png
Not Found: //pay_program/list/images/favicon.ico
Not Found: //pay_program/list/images/logo.png
Not Found: //pay_program/list/images/logo.png
Not Found: //pay_program/list/images/logo.png
Not Found: //pay_program/list/images/logo.png
Not Found: //pay_program/list/images/logo.png
Not Found: //index/images/logo.png
Not Found: //insurance/images/logo.png
Not Found: //index/images/logo.png
Not Found: //doctor/list/images/logo.png
Not Found: //doctor/list/images/favicon.ico
Not Found: //doctor/list/images/logo.png
Not Found: //doctor/list/images/logo.png
Not Found: //doctor/list/images/logo.png
Not Found: //doctor/list/images/logo.png
Not Found: //D628EE/markezi_clinik/doctor/list/images/logo.png
Not Found: //D628EE/markezi_clinik/doctor/list/images/favicon.ico
Not Found: //D628EE/markezi_clinik/doctor/list/images/logo.png
Not Found: //D628EE/markezi_clinik/doctor/list/images/logo.png
Not Found: //index/images/logo.png
Not Found: //attached_document/images/logo.png
Not Found: //attached_document/images/favicon.ico
Not Found: //attached_document/images/logo.png
Not Found: //attached_document/images/logo.png
Not Found: //attached_document/images/logo.png
Not Found: //attached_document/images/logo.png
Not Found: //attached_document/images/logo.png
Not Found: //index/images/logo.png
Not Found: //index/images/logo.png
Not Found: //pay_program/list/images/logo.png
Not Found: /robots.txt
Not Found: /
Not Found: /
Not Found: /
Not Found: /img/bg.jpg
Not Found: /favicon.ico
Not Found: //index/images/logo.png
Not Found: //index/images/favicon.ico
Not Found: /
Not Found: /
Not Found: /
Not Found: /
Not Found: /
Not Found: /
Not Found: /
Not Found: /
Not Found: /
Not Found: /
Not Found: /
Bad Request: /api/invoice_management/invoice/create
Not Found: /
Not Found: /img/bg.jpg
Not Found: /img/bg.jpg
Not Found: //index/images/logo.png
Not Found: //pay_program/list/images/logo.png
Not Found: //pay_program/list/images/favicon.ico
Not Found: //index/images/logo.png
Not Found: //insurance/images/logo.png
Not Found: //insurance/images/favicon.ico
Not Found: //index/images/logo.png
Not Found: //doctor/list/images/logo.png
Not Found: //doctor/list/images/favicon.ico
Not Found: //doctor/list/images/logo.png
Not Found: //index/images/logo.png
Not Found: /img/bg.jpg
Not Found: /img/bg.jpg
Not Found: /
Not Found: /
Not Found: /
Not Found: /
Not Found: /
Not Found: /
Not Found: /
Not Found: /
Not Found: /
Not Found: /
Not Found: /
Not Found: /
Not Found: /robots.txt
Not Found: /
Not Found: /
Not Found: /
Not Found: /
Not Found: /
Not Found: /
Not Found: /
Not Found: /
Not Found: /
Not Found: /
Not Found: /
Not Found: /
Not Found: /
Not Found: /
Not Found: /
Not Found: /
Not Found: /
Not Found: /
Not Found: /
Not Found: /
Not Found: /
Not Found: /robots.txt
Not Found: /
Not Found: /
Not Found: /
Not Found: /
Not Found: /
Not Found: /
Not Found: /
Not Found: /
Not Found: /
Not Found: /
Not Found: /
Not Found: /
Not Found: /
Not Found: /
Not Found: /
Not Found: /
Not Found: /
Not Found: /
Not Found: /
Not Found: /
Not Found: /
Not Found: /
Not Found: /
Not Found: /
Not Found: /robots.txt
Not Found: /
Not Found: /
Not Found: /
Not Found: /
Not Found: /
Not Found: /
Not Found: /
Not Found: /
Not Found: /
Not Found: /
Not Found: /
Not Found: /
Not Found: /
Not Found: /
Not Found: /
Not Found: /
Not Found: /
Not Found: /
Not Found: /
Not Found: /
Not Found: /
Not Found: /
Not Found: /
Not Found: /robots.txt
Not Found: /
Not Found: /
Not Found: /
Not Found: /
Not Found: /favicon.ico
Not Found: /
Not Found: /
Not Found: /
Not Found: /
Not Found: /
Not Found: /
Not Found: /
Not Found: /
Not Found: /
Not Found: /
Not Found: /
Not Found: /
Not Found: /
Not Found: /
Not Found: /
Not Found: /
Not Found: /
Not Found: /
Not Found: /
Not Found: /
Not Found: /
Not Found: /
Not Found: /
Not Found: /
Not Found: /
Not Found: /
Not Found: /robots.txt
Not Found: /
Not Found: /
Not Found: /
Not Found: /
Not Found: /
Not Found: /
Not Found: /
Not Found: /
Not Found: /
Not Found: /
Not Found: /
Not Found: /
Not Found: /
Not Found: /
Not Found: /
Not Found: /
Not Found: /
Not Found: /
Not Found: /
Not Found: /robots.txt
Not Found: /
Not Found: /
Not Found: /
Not Found: /
Not Found: /
Not Found: /
Not Found: /
Not Found: /
Not Found: /
Not Found: /
Not Found: /
Not Found: /
Not Found: /
Not Found: /
Not Found: /robots.txt
Not Found: /
Not Found: /
Not Found: /robots.txt
Not Found: /
Not Found: /
Not Found: /
Not Found: /
Not Found: /
Not Found: /
Not Found: /wp-login.php
Not Found: /
Not Found: /
Not Found: /
Not Found: /
Not Found: /
Not Found: /
Not Found: /
Not Found: /
Not Found: /
Not Found: /
Not Found: /robots.txt
Not Found: /
Not Found: /
Not Found: /
Not Found: /
Not Found: /favicon.ico
Not Found: /
Not Found: /
Not Found: /
Not Found: /
Not Found: /
Not Found: /
Not Found: /
Not Found: /
Not Found: /
Not Found: /favicon.ico
Not Found: /
Not Found: /
Not Found: /
Not Found: /
Not Found: /
Not Found: /
Not Found: /
Not Found: /
Not Found: /
Not Found: /
Not Found: /
Not Found: /
Not Found: /
Not Found: /
Not Found: /
Not Found: /
Not Found: /favicon.ico
Not Found: /
Not Found: /
Not Found: /
Not Found: /
Not Found: /
Not Found: /favicon.ico
Not Found: /
Not Found: /
Not Found: /
Not Found: /
Not Found: /
Not Found: /
Not Found: /
Not Found: /
Not Found: /
Not Found: /favicon.ico
Not Found: /
Not Found: /
Not Found: /wp-login.php
Not Found: /
Not Found: /
Not Found: /
Not Found: /wp-login.php
Not Found: /robots.txt
Not Found: /
Not Found: /
Not Found: /
Not Found: /
Not Found: /robots.txt
Not Found: /
Not Found: /
Not Found: /
Not Found: /
Not Found: /
Not Found: /
Not Found: /
Not Found: /
Not Found: /
Not Found: /
Not Found: /
Not Found: /
Not Found: /
Not Found: /
Not Found: /
Not Found: /
Not Found: /
Not Found: /
Not Found: /
Not Found: /
Not Found: /
Not Found: /robots.txt
Not Found: /
Not Found: /
Not Found: /
Not Found: /
Not Found: /
Not Found: /
Not Found: /
Not Found: /
Not Found: /
Not Found: /
Not Found: /
Not Found: /
Not Found: /
Not Found: /
Not Found: /
Not Found: /
Not Found: /
Not Found: /
Not Found: /
Not Found: /
Not Found: /
Not Found: /
Not Found: /
Not Found: /
Not Found: /
Not Found: /
Not Found: /
Not Found: /
Not Found: /
Not Found: /
Not Found: /
Not Found: /
Not Found: /
Not Found: /
Not Found: /
Not Found: /robots.txt
Not Found: /
Not Found: /
Not Found: /
Not Found: /
Not Found: /
Not Found: /
Not Found: /
Not Found: /
Not Found: /
Not Found: /
Not Found: /
Not Found: /
Not Found: /
Not Found: /
Not Found: /
Not Found: /
Not Found: /
Not Found: /
Not Found: /
Not Found: /
Not Found: /
Not Found: /
Not Found: /
Not Found: /
Not Found: /
Not Found: /
Not Found: /
Not Found: /robots.txt
Not Found: /
Not Found: /
Not Found: /
Not Found: /
Not Found: /
Not Found: /
Not Found: /
Not Found: /
Not Found: /
Not Found: /
Not Found: /
Not Found: /
Not Found: /
Not Found: /
Not Found: /
Not Found: /
Not Found: /
Not Found: /
Not Found: /
Not Found: /
Not Found: /
Not Found: /
Not Found: /
Not Found: /
Not Found: /
Not Found: /
Not Found: /robots.txt
Not Found: /
Not Found: /
Not Found: /
Not Found: /
Not Found: /
Not Found: /
Not Found: /
Not Found: /
Not Found: /
Not Found: /
Not Found: /
Not Found: /
Not Found: /
Not Found: /
Not Found: /
Not Found: /
Not Found: /
Not Found: /
Not Found: /
Not Found: /
Not Found: /
Not Found: /
Not Found: /
Not Found: /
Not Found: /
Not Found: /
Not Found: /robots.txt
Not Found: /
Not Found: /
Not Found: /
Not Found: /
Not Found: /
Not Found: /
Not Found: /
Not Found: /
Not Found: /
Not Found: /
Not Found: /
Not Found: /
Not Found: /
Not Found: /
Not Found: /
Not Found: /
Not Found: /
Not Found: /
Not Found: /
Not Found: /
Not Found: /
Not Found: /
Not Found: /
Not Found: /
Not Found: /
Not Found: /
Not Found: /
Not Found: /robots.txt
Not Found: /
Not Found: /
Not Found: /
Not Found: /
Not Found: /
Not Found: /
Not Found: /
Not Found: /
Not Found: /
Not Found: /
Not Found: /
Not Found: /
Not Found: /
Not Found: /
Not Found: /
Not Found: /
Not Found: /
Not Found: /
Not Found: /
Not Found: /
Not Found: /
Not Found: /
Not Found: /
Not Found: /
Not Found: /
Not Found: /
Not Found: /
Not Found: /
Not Found: /robots.txt
Not Found: /
Not Found: /
Not Found: /
Not Found: /
Not Found: /
Not Found: /
Not Found: /
Not Found: /
Not Found: /
Not Found: /
Not Found: /
Not Found: /
Not Found: /
Not Found: /
Not Found: /
Not Found: /
Not Found: /
Not Found: /
Not Found: /
Not Found: /
Not Found: /
Not Found: /
Not Found: /
Not Found: /
Not Found: /
Not Found: /
Not Found: /
Not Found: /
Not Found: /
Not Found: /
Not Found: /
Not Found: /robots.txt
Not Found: /
Not Found: /
Not Found: /
Not Found: /
Not Found: /
Not Found: /
Not Found: /
Not Found: /
Not Found: /
Not Found: /
Not Found: /
Not Found: /
Not Found: /
Not Found: /
Not Found: /
Not Found: /
Not Found: /
Not Found: /
Not Found: /
Not Found: /
Not Found: /
Not Found: /
Not Found: /
Not Found: /
Not Found: /
Not Found: /
Not Found: /
Not Found: /
Not Found: /
Not Found: /
Not Found: /
Not Found: /robots.txt
Not Found: /
Not Found: /
Not Found: /
Not Found: /
Not Found: /
Not Found: /
Not Found: /
Not Found: /
Not Found: /
Not Found: /
Not Found: /
Not Found: /
Not Found: /
Not Found: /
Not Found: /favicon.ico
Not Found: /
Not Found: /
Not Found: /
Not Found: /
Not Found: /
Not Found: /
Not Found: /
Not Found: /
Not Found: /robots.txt
Not Found: /
Not Found: /robots.txt
Not Found: /
Not Found: /wp-login.php
Not Found: /robots.txt
Not Found: /
Not Found: /
Not Found: /
Not Found: /
Not Found: /
Not Found: /
Not Found: /
Not Found: /
Not Found: /
Not Found: /
Not Found: /
Not Found: /
Not Found: /
Not Found: /
Not Found: /
Not Found: /
Not Found: /
Not Found: /
Not Found: /
Not Found: /
Not Found: /
Not Found: /
Not Found: /
Not Found: /
Not Found: /robots.txt
Not Found: /
Not Found: /_ignition/health-check/
Not Found: /public/_ignition/health-check/
Not Found: /wp-includes/wlwmanifest.xml
Not Found: /robots.txt
Not Found: /
Not Found: /
Not Found: /robots.txt
Not Found: /
Not Found: /
Not Found: /
Not Found: /
Not Found: /
Not Found: /
Not Found: /
Not Found: /
Not Found: /
Not Found: /
Not Found: /
Not Found: /
Not Found: /
Not Found: /
Not Found: /
Not Found: /
Not Found: /
Not Found: /
Not Found: /
Not Found: /
Not Found: /
Not Found: /wp-login.php
Not Found: /robots.txt
Not Found: /
Not Found: /
Not Found: /
Not Found: /
Not Found: /
Not Found: /
Not Found: /
Not Found: /
Not Found: /
Not Found: /
Not Found: /
Not Found: /
Not Found: /
Not Found: /
Not Found: /
Not Found: /
Not Found: /
Not Found: /
Not Found: /
Not Found: /
Not Found: /
Not Found: /
Not Found: /
Not Found: /
Not Found: /
Not Found: /
Not Found: /robots.txt
Not Found: /
Not Found: /
Not Found: /
Not Found: /
Not Found: /
Not Found: /
Not Found: /
Not Found: /
Not Found: /
Not Found: /
Not Found: /
Not Found: /
Not Found: /
Not Found: /
Not Found: /
Not Found: /
Not Found: /
Not Found: /
Not Found: /
Not Found: /
Not Found: /
Not Found: /
Not Found: /
Not Found: /
Not Found: /
Not Found: /
Not Found: /
Not Found: /
Not Found: /
Not Found: /robots.txt
Not Found: /
Not Found: /
Not Found: /
Not Found: /
Not Found: /
Not Found: /
Not Found: /
Not Found: /
Not Found: /
Not Found: /
Not Found: /
Not Found: /
Not Found: /
Not Found: /
Not Found: /
Not Found: /
Not Found: /
Not Found: /
Not Found: /
Not Found: /
Not Found: /
Not Found: /
Not Found: /
Not Found: /
Not Found: /
Not Found: /
Not Found: /
Not Found: /
Not Found: /
Not Found: /
Not Found: /
Not Found: /
Not Found: /robots.txt
Not Found: /
Not Found: /
Not Found: /
Not Found: /
Not Found: /
Not Found: /
Not Found: /
Not Found: /
Not Found: /
Not Found: /
Not Found: /
Not Found: /
Not Found: /
Not Found: /
Not Found: /
Not Found: /
Not Found: /
Not Found: /
Not Found: /
Not Found: /
Not Found: /
Not Found: /
Not Found: /
Not Found: /
Not Found: /
Not Found: /
Not Found: /
Not Found: /
Not Found: /
Not Found: /
Not Found: /
Not Found: /
Not Found: /
Not Found: /
Not Found: /
Not Found: /
Not Found: /
Not Found: /robots.txt
Not Found: /
Not Found: /
Not Found: /
Not Found: /
Not Found: /
Not Found: /
Not Found: /
Not Found: /
Not Found: /
Not Found: /
Not Found: /
Not Found: /
Not Found: /
Not Found: /
Not Found: /
Not Found: /
Not Found: /
Not Found: /
Not Found: /
Not Found: /
Not Found: /
Not Found: /
Not Found: /
Not Found: /
Not Found: /
Not Found: /
Not Found: /
Not Found: /
Not Found: /
Not Found: /
Not Found: /
Not Found: /
Not Found: /robots.txt
Not Found: /
Not Found: /
Not Found: /
Not Found: /
Not Found: /
Not Found: /
Not Found: /
Not Found: /
Not Found: /
Not Found: /
Not Found: /
Not Found: /
Not Found: /
Not Found: /
Not Found: /
Not Found: /
Not Found: /
Not Found: /
Not Found: /
Not Found: /
Not Found: /
Not Found: /
Not Found: /
Not Found: /
Not Found: /
Not Found: /
Not Found: /
Not Found: /
Not Found: /
Not Found: /
Not Found: /
Not Found: /
Not Found: /robots.txt
Not Found: /
Not Found: /
Not Found: /
Not Found: /
Not Found: /
Not Found: /
Not Found: /
Not Found: /
Not Found: /
Not Found: /
Not Found: /robots.txt
Not Found: /
Not Found: /
Not Found: /
Not Found: /
Not Found: /
Not Found: /
Not Found: /
Not Found: /
Not Found: /
Not Found: /
Not Found: /
Not Found: /
Not Found: /
Not Found: /
Not Found: /
Not Found: /
Not Found: /
Not Found: /
Not Found: /
Not Found: /
Not Found: /
Not Found: /
Not Found: /
Not Found: /
Not Found: /
Not Found: /
Not Found: /
Not Found: /
Not Found: /robots.txt
Not Found: /
Not Found: /
Not Found: /
Not Found: /
Not Found: /
Not Found: /
Not Found: /
Not Found: /
Not Found: /
Not Found: /
Not Found: /
Not Found: /
Not Found: /
Not Found: /
Not Found: /
Not Found: /
Not Found: /
Not Found: /
Not Found: /
Not Found: /
Not Found: /
Not Found: /
Not Found: /
Not Found: /
Not Found: /
Not Found: /
Not Found: /
Not Found: /
Not Found: /
Not Found: /robots.txt
Not Found: /
Not Found: /
Not Found: /
Not Found: /
Not Found: /
Not Found: /
Not Found: /
Not Found: /
Not Found: /
Not Found: /
Not Found: /
Not Found: /
Not Found: /
Not Found: /
Not Found: /
Not Found: /
Not Found: /
Not Found: /
Not Found: /
Not Found: /
Not Found: /
Not Found: /
Not Found: /
Not Found: /
Not Found: /
Not Found: /
Not Found: /
Not Found: /
Not Found: /robots.txt
Not Found: /
Not Found: /
Not Found: /
Not Found: /
Not Found: /
Not Found: /
Not Found: /
Not Found: /
Not Found: /
Not Found: /
Not Found: /
Not Found: /
Not Found: /
Not Found: /
Not Found: /
Not Found: /
Not Found: /
Not Found: /
Not Found: /
Not Found: /
Not Found: /
Not Found: /
Not Found: /
Not Found: /
Not Found: /
Not Found: /
Not Found: /
Not Found: /
Not Found: /
Not Found: /
Not Found: /
Not Found: /robots.txt
Not Found: /
Not Found: /
Not Found: /
Not Found: /
Not Found: /
Not Found: /
Not Found: /
Not Found: /
Not Found: /
Not Found: /
Not Found: /
Not Found: /
Not Found: /
Not Found: /
Not Found: /
Not Found: /
Not Found: /
Not Found: /robots.txt
Not Found: /
Not Found: /
Not Found: /
Not Found: /
Not Found: /
Not Found: /
Not Found: /
Not Found: /
Not Found: /
Not Found: /
Not Found: /
Not Found: /
Not Found: /
Not Found: /
Not Found: /
Not Found: /
Not Found: /
Not Found: /
Not Found: /
Not Found: /
Not Found: /robots.txt
Not Found: /
Not Found: /
Not Found: /
Not Found: /
Not Found: /
Not Found: /
Not Found: /
Not Found: /
Not Found: /
Not Found: /
Not Found: /
Not Found: /
Not Found: /robots.txt
Not Found: /
Not Found: /
Not Found: /
Not Found: /robots.txt
Not Found: /
Not Found: /
Not Found: /
Not Found: /
Not Found: /robots.txt
Not Found: /
Not Found: /
Not Found: /
Not Found: /
Not Found: /
Not Found: /
Not Found: /
Not Found: /
Not Found: /
Not Found: /
Not Found: /
Not Found: /
Not Found: /
Not Found: /
Not Found: /
Not Found: /
Not Found: /
Not Found: /robots.txt
Not Found: /
Not Found: /
Not Found: /
Not Found: /
Not Found: /
Not Found: /
Not Found: /
Not Found: /
Not Found: /
Not Found: /
Not Found: /
Not Found: /
Not Found: /
Not Found: /
Not Found: /
Not Found: /
Not Found: /
Not Found: /
Not Found: /
Not Found: /
Not Found: /
Not Found: /
Not Found: /
Not Found: /
Not Found: /
Not Found: /
Not Found: /
Not Found: /
Not Found: /
Not Found: /
Not Found: /robots.txt
Not Found: /
Not Found: /
Not Found: /
Not Found: /
Not Found: /
Not Found: /
Not Found: /
Not Found: /
Not Found: /
Not Found: /
Not Found: /
Not Found: /
Not Found: /
Not Found: /
Not Found: /
Not Found: /
Not Found: /
Not Found: /
Not Found: /
Not Found: /
Not Found: /
Not Found: /
Not Found: /
Not Found: /
Not Found: /
Not Found: /
Not Found: /
Not Found: /robots.txt
Not Found: /
Not Found: /robots.txt
Not Found: /
Not Found: /
Not Found: /
Not Found: /
Not Found: /
Not Found: /
Not Found: /
Not Found: /
Not Found: /
Not Found: /
Not Found: /
Not Found: /
Not Found: /
Not Found: /
Not Found: /
Not Found: /
Not Found: /
Not Found: /
Not Found: /
Not Found: /
Not Found: /
Not Found: /
Not Found: /
Not Found: /
Not Found: /wp-login.php
Not Found: /
Not Found: /
Not Found: /
Not Found: /
Not Found: /
Not Found: /
Not Found: /
Not Found: /robots.txt
Not Found: /
Not Found: /robots.txt
Not Found: /
Not Found: /
Not Found: /robots.txt
Not Found: /
Not Found: /
Not Found: /
Not Found: /
Not Found: /
Not Found: /
Not Found: /
Not Found: /
Not Found: /
Not Found: /
Not Found: /
Not Found: /
Not Found: /
Not Found: /
Not Found: /
Not Found: /
Not Found: /
Not Found: /
Not Found: /
Not Found: /
Not Found: /
Not Found: /
Not Found: /
Not Found: /
Not Found: /
Not Found: /
Not Found: /robots.txt
Not Found: /
Not Found: /
Not Found: /
Not Found: /
Not Found: /
Not Found: /
Not Found: /
Not Found: /
Not Found: /
Not Found: /
Not Found: /
Not Found: /
Not Found: /
Not Found: /
Not Found: /
Not Found: /
Not Found: /
Not Found: /
Not Found: /
Not Found: /
Not Found: /
Not Found: /
Not Found: /
Not Found: /
Not Found: /
Not Found: /
Not Found: /
Not Found: /
Not Found: /
Not Found: /
Not Found: /robots.txt
Not Found: /
Not Found: /
Not Found: /
Not Found: /
Not Found: /
Not Found: /
Not Found: /
Not Found: /
Not Found: /
Not Found: /
Not Found: /
Not Found: /
Not Found: /
Not Found: /
Not Found: /
Not Found: /
Not Found: /
Not Found: /
Not Found: /
Not Found: /
Not Found: /
Not Found: /
Not Found: /
Not Found: /
Not Found: /
Not Found: /
Not Found: /
Not Found: /
Not Found: /robots.txt
Not Found: /
Not Found: /
Not Found: /
Not Found: /
Not Found: /
Not Found: /
Not Found: /
Not Found: /
Not Found: /
Not Found: /
Not Found: /
Not Found: /
Not Found: /
Not Found: /
Not Found: /
Not Found: /
Not Found: /
Not Found: /
Not Found: /
Not Found: /
Not Found: /
Not Found: /
Not Found: /
Not Found: /
Not Found: /
Not Found: /
Not Found: /
Not Found: /
Not Found: /
Not Found: /
Not Found: /
Not Found: /robots.txt
Not Found: /
Not Found: /
Not Found: /
Not Found: /
Not Found: /
Not Found: /
Not Found: /
Not Found: /
Not Found: /
Not Found: /
Not Found: /
Not Found: /
Not Found: /
Not Found: /
Not Found: /
Not Found: /
Not Found: /
Not Found: /
Not Found: /
Not Found: /
Not Found: /
Not Found: /
Not Found: /
Not Found: /
Not Found: /robots.txt
Not Found: /
Not Found: /
Not Found: /
Not Found: /
Not Found: /
Not Found: /
Not Found: /
Not Found: /
Not Found: /
Not Found: /
Not Found: /
Not Found: /
Not Found: /
Not Found: /
Not Found: /
Not Found: /
Not Found: /
Not Found: /
Not Found: /wp-login.php
Not Found: /
Not Found: /
Not Found: /
Not Found: /
Not Found: /
Not Found: /
Not Found: /robots.txt
Not Found: /
Not Found: /
Not Found: /
Not Found: /
Not Found: /
Not Found: /
Not Found: /
Not Found: /
Not Found: /
Not Found: /
Not Found: /
Not Found: /
Not Found: /
Not Found: /
Not Found: /
Not Found: /
Not Found: /
Not Found: /
Not Found: /_ignition/health-check/
Not Found: /public/_ignition/health-check/
Not Found: /wp-includes/wlwmanifest.xml
Not Found: /
Not Found: /
Not Found: /
Not Found: /
Not Found: /
Not Found: /robots.txt
Not Found: /
Not Found: /
Not Found: /
Not Found: /
Not Found: /
Not Found: /
Not Found: /
Not Found: /
Not Found: /
Not Found: /
Not Found: /
Not Found: /
Not Found: /
Not Found: /
Not Found: /
Not Found: /
Not Found: /
Not Found: /
Not Found: /
Not Found: /
Not Found: /
Not Found: /
Not Found: /
Not Found: /robots.txt
Not Found: /
Not Found: /
Not Found: /
Not Found: /
Not Found: /
Not Found: /
Not Found: /
Not Found: /
Not Found: /
Not Found: /
Not Found: /
Not Found: /
Not Found: /
Not Found: /
Not Found: /
Not Found: /
Not Found: /
Not Found: /
Not Found: /
Not Found: /
Not Found: /robots.txt
Not Found: /
Not Found: /
Not Found: /
Not Found: /
Not Found: /
Not Found: /
Not Found: /
Not Found: /
Not Found: /
Not Found: /
Not Found: /
Not Found: /
Not Found: /
Not Found: /
Not Found: /
Not Found: /
Not Found: /
Not Found: /
Not Found: /
Not Found: /
Not Found: /
Not Found: /
Not Found: /robots.txt
Not Found: /
Not Found: /
Not Found: /
Not Found: /
Not Found: /robots.txt
Not Found: /
Not Found: /robots.txt
Not Found: /
Not Found: /
Not Found: /robots.txt
Not Found: /
Not Found: /
Not Found: /
Not Found: /
Not Found: /robots.txt
Not Found: /
Not Found: /
Not Found: /robots.txt
Not Found: /
Not Found: /
Not Found: /
Not Found: /
Not Found: /
Not Found: /
Not Found: /
Not Found: /
Not Found: /
Not Found: /
Not Found: /
Not Found: /
Not Found: /robots.txt
Not Found: /
Not Found: /
Not Found: /
Not Found: /
Not Found: /
Not Found: /
Not Found: /
Not Found: /
Not Found: /
Not Found: /
Not Found: /robots.txt
Not Found: /
Not Found: /
Not Found: /
Not Found: /
Not Found: /
Not Found: /
Not Found: /
Not Found: /
Not Found: /
Not Found: /robots.txt
Not Found: /
Not Found: /robots.txt
Not Found: /robots.txt
Not Found: /
Not Found: /
Not Found: /robots.txt
Not Found: /
Not Found: /
Not Found: /robots.txt
Not Found: /
Not Found: /
Not Found: /robots.txt
Not Found: /
Not Found: /
Not Found: /
Not Found: /robots.txt
Not Found: /
Not Found: /
Not Found: /robots.txt
Not Found: /
Not Found: /
Not Found: /robots.txt
Not Found: /
Not Found: /
Not Found: /robots.txt
Not Found: /
Not Found: /
Not Found: /robots.txt
Not Found: /
Not Found: /
Not Found: /robots.txt
Not Found: /
Not Found: /
Not Found: /robots.txt
Not Found: /
Not Found: /
Not Found: /robots.txt
Not Found: /
Not Found: /
Not Found: /robots.txt
Not Found: /
Not Found: /
Not Found: /robots.txt
Not Found: /
Not Found: /
Not Found: /
Not Found: /
Not Found: /
Not Found: /
Not Found: /
Not Found: /
Not Found: /
Not Found: /
Not Found: /
Not Found: /
Not Found: /
Not Found: /
Not Found: /
Not Found: /
Not Found: /
Not Found: /
Not Found: /
Not Found: /
Not Found: /
Not Found: /
Not Found: /robots.txt
Not Found: /
Not Found: /
Not Found: /
Not Found: /
Not Found: /
Not Found: /
Not Found: /
Not Found: /
Not Found: /
Not Found: /
Not Found: /
Not Found: /
Not Found: /
Not Found: /
Not Found: /
Not Found: /
Not Found: /
Not Found: /
Not Found: /
Not Found: /
Not Found: /
Not Found: /
Not Found: /
Not Found: /
Not Found: /
Not Found: /
Not Found: /
Not Found: /
Not Found: /robots.txt
Not Found: /
Not Found: /
Not Found: /
Not Found: /
Not Found: /robots.txt
Not Found: /
Not Found: /
Not Found: /
Not Found: /
Not Found: /
Not Found: /
Not Found: /
Not Found: /
Not Found: /
Not Found: /wp-login.php
Not Found: /
Not Found: /
Not Found: /
Not Found: /
Not Found: /
Not Found: /
Not Found: /
Not Found: /
Not Found: /
Not Found: /
Not Found: /
Not Found: /wp-login.php
Not Found: /
Not Found: /favicon.ico
Not Found: /
Not Found: /robots.txt
Not Found: /
Not Found: /
Not Found: /robots.txt
Not Found: /
Not Found: /
Not Found: /
Not Found: /
Not Found: /
Not Found: /
Not Found: /
Not Found: /
Not Found: /
Not Found: /
Not Found: /
Not Found: /
Not Found: /
Not Found: /
Not Found: /
Not Found: /
Not Found: /
Not Found: /
Not Found: /
Not Found: /
Not Found: /
Not Found: /robots.txt
Not Found: /
Not Found: /
Not Found: /
Not Found: /
Not Found: /
Not Found: /
Not Found: /
Not Found: /
Not Found: /
Not Found: /
Not Found: /
Not Found: /
Not Found: /
Not Found: /
Not Found: /
Not Found: /
Not Found: /
Not Found: /
Not Found: /
Not Found: /
Not Found: /
Not Found: /
Not Found: /
Not Found: /
Not Found: /robots.txt
Not Found: /
Not Found: /
Not Found: /
Not Found: /
Not Found: /
Not Found: /
Not Found: /
Not Found: /
Not Found: /
Not Found: /
Not Found: /
Not Found: /
Not Found: /
Not Found: /
Not Found: /
Not Found: /
Not Found: /
Not Found: /
Not Found: /
Not Found: /
Not Found: /
Not Found: /
Not Found: /
Not Found: /
Not Found: /
Not Found: /
Not Found: /
Not Found: /
Not Found: /
Not Found: /
Not Found: /
Not Found: /
Not Found: /
Not Found: /
Not Found: /
Not Found: /
Not Found: /robots.txt
Not Found: /
Not Found: /
Not Found: /robots.txt
Not Found: /
Not Found: /
Not Found: /
Not Found: /
Not Found: /
Not Found: /
Not Found: /
Not Found: /
Not Found: /
Not Found: /
Not Found: /
Not Found: /
Not Found: /
Not Found: /
Not Found: /
Not Found: /
Not Found: /
Not Found: /
Not Found: /
Not Found: /
Not Found: /
Not Found: /
Not Found: /
Not Found: /robots.txt
Not Found: /
Not Found: /
Not Found: /
Not Found: /
Not Found: /robots.txt
Not Found: /
Not Found: /
Not Found: /robots.txt
Not Found: /
Not Found: /
Not Found: /
Not Found: /
Not Found: /
Not Found: /
Not Found: /
Not Found: /
Not Found: /
Not Found: /
Not Found: /
Not Found: /
Not Found: /
Not Found: /
Not Found: /
Not Found: /
Not Found: /
Not Found: /
Not Found: /
Not Found: /
Not Found: /
Not Found: /
Not Found: /
Not Found: /
Not Found: /
Not Found: /robots.txt
Not Found: /
Not Found: /
Not Found: /
Not Found: /
Not Found: /
Not Found: /
Not Found: /
Not Found: /
Not Found: /
Not Found: /
Not Found: /
Not Found: /
Not Found: /
Not Found: /
Not Found: /
Not Found: /
Not Found: /
Not Found: /
Not Found: /robots.txt
Not Found: /
Not Found: /
Not Found: /
Not Found: /
Not Found: /
Not Found: /
Not Found: /
Not Found: /
Not Found: /
Not Found: /
Not Found: /
Not Found: /
Not Found: /robots.txt
Not Found: /
Not Found: /
Not Found: /
Not Found: /
Not Found: /
Not Found: /
Not Found: /
Not Found: /
Not Found: /robots.txt
Not Found: /
Not Found: /
Not Found: /
Not Found: /
Not Found: /
Not Found: /
Not Found: /
Not Found: /robots.txt
Not Found: /
Not Found: /
Not Found: /
Not Found: /robots.txt
Not Found: /robots.txt
Not Found: /
Not Found: /
Not Found: /
Not Found: /robots.txt
Not Found: /
Not Found: /
Not Found: /robots.txt
Not Found: /
Not Found: /
Not Found: /
Not Found: /
Not Found: /
Not Found: /
Not Found: /
Not Found: /
Not Found: /
Not Found: /
Not Found: /
Not Found: /
Not Found: /
Not Found: /
Not Found: /
Not Found: /
Not Found: /
Not Found: /
Not Found: /robots.txt
Not Found: /
Not Found: /
Not Found: /
Not Found: /
Not Found: /
Not Found: /
Not Found: /robots.txt
Not Found: /robots.txt
Not Found: /
Not Found: /
Not Found: /
Not Found: /
Not Found: /
Not Found: /
Not Found: /
Not Found: /
Not Found: /
Not Found: /
Not Found: /
Not Found: /
Not Found: /
Not Found: /
Not Found: /
Not Found: /
Not Found: /
Not Found: /
Not Found: /
Not Found: /
Not Found: /
Not Found: /robots.txt
Not Found: /
Not Found: /
Not Found: /
Not Found: /
Not Found: /
Not Found: /
Not Found: /
Not Found: /
Not Found: /
Not Found: /
Not Found: /
Not Found: /
Not Found: /
Not Found: /
Not Found: /
Not Found: /
Not Found: /
Not Found: /
Not Found: /
Not Found: /
Not Found: /
Not Found: /
Not Found: /
Not Found: /
Not Found: /
Not Found: /
Not Found: /
Not Found: /
Not Found: /
Not Found: /
Not Found: /
Not Found: /
Not Found: /
Not Found: /
Not Found: /robots.txt
Not Found: /
Not Found: /
Not Found: /
Not Found: /_ignition/health-check/
Not Found: /public/_ignition/health-check/
Not Found: /wp-includes/wlwmanifest.xml
Not Found: /
Not Found: /
Not Found: /
Not Found: /
Not Found: /
Not Found: /
Not Found: /
Not Found: /
Not Found: /
Not Found: /
Not Found: /
Not Found: /
Not Found: /
Not Found: /
Not Found: /
Not Found: /
Not Found: /
Not Found: /
Not Found: /
Not Found: /
Not Found: /
Not Found: /
Not Found: /
Not Found: /
Not Found: /
Not Found: /
Not Found: /
Not Found: /
Not Found: /
Not Found: /
Not Found: /
Not Found: /robots.txt
Not Found: /
Not Found: /
Not Found: /
Not Found: /
Not Found: /
Not Found: /
Not Found: /
Not Found: /robots.txt
Not Found: /wp-login.php
Not Found: /
Not Found: /
Not Found: /
Not Found: /robots.txt
Not Found: /
Not Found: /
Not Found: /
Not Found: /
Not Found: /
Not Found: /
Not Found: /
Not Found: /robots.txt
Not Found: /
Not Found: /
Not Found: /
Not Found: /
Not Found: /
Not Found: /
Not Found: /
Not Found: /
Not Found: /robots.txt
Not Found: /
Not Found: /
Not Found: /
Not Found: /robots.txt
Not Found: /
Not Found: /
Not Found: /
Not Found: /wp-login.php
Not Found: /
Not Found: /
Not Found: /robots.txt
Not Found: /
Not Found: /
Not Found: /
Not Found: /
Not Found: /
Not Found: /
Not Found: /
Not Found: /
Not Found: /
Not Found: /robots.txt
Not Found: /
Not Found: /
Not Found: /
Not Found: /
Not Found: /
Not Found: /
Not Found: /
Not Found: /
Not Found: /
Not Found: /robots.txt
Not Found: /
Not Found: /
Not Found: /
Not Found: /
Not Found: /
Not Found: /
Not Found: /
Not Found: /img/bg.jpg
Not Found: /favicon.ico
Not Found: /
Not Found: /
Not Found: /
Not Found: /
Not Found: /
Not Found: /
Not Found: /
Not Found: /
Not Found: /
Not Found: /
Not Found: /
Not Found: /
Not Found: /
Not Found: /
Not Found: /robots.txt
Not Found: /
Not Found: /
Not Found: /
Not Found: /
Not Found: /
Not Found: /robots.txt
Not Found: /
Not Found: /
Not Found: /
Not Found: /
Not Found: /
Not Found: /robots.txt
Not Found: /
Not Found: /
Not Found: /
Not Found: /
Not Found: /
Not Found: /
Not Found: /
Not Found: /
Not Found: /
Not Found: /
Not Found: /
Not Found: /
Not Found: /
Not Found: /
Not Found: /
Not Found: /
Not Found: /
Not Found: /
Not Found: /
Not Found: /
Not Found: /robots.txt
Not Found: /
Not Found: /
Not Found: /
Not Found: /
Not Found: /
Not Found: /
Not Found: /
Not Found: /
Not Found: /
Not Found: /
Not Found: /
Not Found: /
Not Found: /
Not Found: /
Not Found: /
Not Found: /wp-login.php
Not Found: /
Not Found: /
Not Found: /
Not Found: /
Not Found: /
Not Found: /
Not Found: /
Not Found: /
Not Found: /
Not Found: /
Not Found: /
Not Found: /
Not Found: /
Not Found: /
Not Found: /
Not Found: /
Not Found: /
Not Found: /
Not Found: /
Not Found: /
Not Found: /
Not Found: /wp-login.php
Not Found: /robots.txt
Not Found: /
Not Found: /wp-includes/wlwmanifest.xml
Not Found: /_ignition/health-check/
Not Found: /public/_ignition/health-check/
Not Found: /
Not Found: /
Not Found: /robots.txt
Not Found: /
Not Found: /
Not Found: /
Not Found: /
Not Found: /
Not Found: /
Not Found: /
Not Found: /
Not Found: /
Not Found: /
Not Found: /
Not Found: /robots.txt
Not Found: /
Not Found: /
Not Found: /
Not Found: /
Not Found: /
Not Found: /
Not Found: /
Not Found: /
Not Found: /
Not Found: /wp-login.php
Not Found: /
Not Found: /
Not Found: /
Not Found: /
Not Found: /
Not Found: /
Not Found: /
Not Found: /
Not Found: /
Not Found: /
Not Found: /
Not Found: /
Not Found: /
Not Found: /
Not Found: /
Not Found: /favicon.ico
Not Found: /
Not Found: /
Not Found: /
Not Found: /
Not Found: /
Not Found: /
Not Found: /
Not Found: /robots.txt
Not Found: /
Not Found: /
Not Found: /
Not Found: /
Not Found: /favicon.ico
Unauthorized: /api/customer_management/customer/986532147/detail
Not Found: /robots.txt
Not Found: /
Unauthorized: /api/customer_management/customer/986532147/detail
Unauthorized: /api/customer_management/customer/986532147/detail
Unauthorized: /api/customer_management/customer/986532147/detail
Unauthorized: /api/customer_management/customer/986532147/detail
Unauthorized: /api/customer_management/customer/986532147/detail
Unauthorized: /api/customer_management/customer/986532147/detail
Unauthorized: /api/customer_management/customer/986532147/detail
Unauthorized: /api/customer_management/customer/986532147/detail
Unauthorized: /api/customer_management/customer/986532147/detail
Unauthorized: /api/customer_management/customer/986532147/detail
Unauthorized: /api/customer_management/customer/986532147/detail
Not Found: /wp-login.php
Not Found: /
Not Found: /
Not Found: /
Not Found: /
Not Found: /
Not Found: /
Not Found: /
Not Found: /
Not Found: /
Not Found: /
Not Found: /
Not Found: /
Not Found: /favicon.ico
Not Found: /img/bg.jpg
Not Found: //index/images/logo.png
Not Found: //index/images/favicon.ico
Not Found: /img/bg.jpg
Not Found: //index/images/logo.png
Not Found: //index/images/logo.png
Not Found: //index/images/logo.png
Not Found: //index/images/logo.png
Not Found: //index/images/logo.png
Not Found: //index/__manifest.json
Not Found: //pay_program/list/images/logo.png
Not Found: //pay_program/list/images/favicon.ico
Not Found: //index/images/logo.png
Not Found: //insurance/images/logo.png
Not Found: //insurance/images/favicon.ico
Not Found: //index/__manifest.json
Not Found: //doctor/list/images/logo.png
Not Found: //doctor/list/images/favicon.ico
Not Found: /img/bg.jpg
Not Found: /wp-login.php
Not Found: /
Not Found: /
Not Found: /
Not Found: /robots.txt
Not Found: /
Not Found: /
Not Found: /
Not Found: /
Not Found: /
Not Found: /
Not Found: /
Not Found: /
Not Found: /
Not Found: /
Not Found: /
Not Found: /
Not Found: /
Not Found: /
Not Found: /wordpress
Not Found: /blog
Not Found: /.env.php
Not Found: /.git/HEAD
Not Found: /.env.production
Not Found: /.env
Not Found: /.env.prod
Not Found: /.env.backup
Not Found: /installer.php
Not Found: /.env.staging
Not Found: /wp
Not Found: /.env.bak
Not Found: /.env.dev
Not Found: /.env.test
Not Found: /.vscode/sftp.json
Not Found: /.env.local
Not Found: /.aws/credentials
Not Found: /info.php
Not Found: /php.php
Not Found: /api/phpinfo.php
Not Found: /.vscode/.env
Not Found: /telescope/requests
Not Found: /api/.env
Not Found: /test.php
Not Found: /_cat/indices
Not Found: /phpinfo.php
Not Found: /wp-info.php
Not Found: /.vscode/ftp-sync.json
Not Found: /api/info.php
Not Found: /.vscode/settings.json
Not Found: /favicon.ico
Not Found: /api/php.php
Not Found: /api/wp-info.php
Not Found: /adminer.php
Not Found: /phpMyAdmin
Not Found: /phpmyadmin
Not Found: /PMA
Not Found: /swagger-ui.html
Not Found: /swagger/index.html
Not Found: /swagger/static/index.html
Not Found: /swagger/ui/index
Not Found: /filezilla.xml
Not Found: /recentservers.xml
Not Found: /FileZilla.xml
Not Found: /sitemanager.xml
Not Found: /sftp-config.json
Not Found: /aws.json
Not Found: /config/aws.json
Not Found: /config/aws.yml
Not Found: /aws.yml
Not Found: /config/default.json
Not Found: /config/production.json
Not Found: /config/prod.json
Not Found: /config/staging.json
Not Found: /default.json
Not Found: /staging.json
Not Found: /production.json
Not Found: /prod.json
Not Found: /config.ini
Not Found: /app.ini
Not Found: /production.ini
Not Found: /
Not Found: /default.ini
Not Found: /config/config.ini
Not Found: /database.zip
Not Found: /db.zip
Not Found: /database.sql
Not Found: /db.sql
Not Found: /export.sql
Not Found: /backup.sql
Not Found: /dump.sql
Not Found: /db_backup.sql
Not Found: /database.tar.gz
Not Found: /database.sql.gz
Not Found: /dump.sql.gz
Not Found: /backup.sql.gz
Not Found: /db.tar.gz
Not Found: /db.sql.gz
Not Found: /.docker/Dockerfile
Not Found: /dump.tar.gz
Not Found: /Dockerfile.production
Not Found: /Dockerfile
Not Found: /Dockerfile.dev
Not Found: /dev.Dockerfile
Not Found: /prod.Dockerfile
Not Found: /production.Dockerfile
Not Found: /docker-compose.yml
Not Found: /docker-compose.yaml
Not Found: /.github/
Not Found: /version
Not Found: /.vscode/sftp.json
Not Found: /vendor/phpunit/phpunit/src/Util/PHP/eval-stdin.php
Not Found: /about
Not Found: /debug/default/view
Not Found: /v2/_catalog
Forbidden (Referer checking failed - no Referer.): /admin/vendor/phpunit/phpunit/src/Util/PHP/eval-stdin.php
Not Found: /ecp/Current/exporttool/microsoft.exchange.ediscovery.exporttool.application
Not Found: /server-status
Not Found: /login.action
Not Found: /wp-content/plugins/jekyll-exporter/vendor/phpunit/phpunit/src/Util/PHP/eval-stdin.php
Not Found: /_all_dbs
Not Found: /.DS_Store
Not Found: /app/vendor/phpunit/phpunit/src/Util/PHP/eval-stdin.php
Not Found: /.env
Not Found: /.git/config
Not Found: /
Not Found: /s/232323e2536313e2030323e22383/_/;/META-INF/maven/com.atlassian.jira/jira-webapp-dist/pom.properties
Not Found: /api/vendor/phpunit/phpunit/src/Util/PHP/eval-stdin.php
Not Found: /config.json
Not Found: /telescope/requests
Not Found: /
Not Found: /lib/vendor/phpunit/phpunit/src/Util/PHP/eval-stdin.php
Not Found: /
Not Found: /
Not Found: /
Not Found: /
Not Found: /
Not Found: /
Not Found: /lYCpHKNDNlqNV
Not Found: /
Not Found: /
Not Found: /
Not Found: /ImeBucCa
Not Found: /
Not Found: /
Not Found: /
Not Found: /robots.txt
Not Found: /
Not Found: /
Not Found: /
Not Found: /wp-login.php
Not Found: /
Not Found: /
Not Found: /
Not Found: /
Not Found: /favicon.ico
Not Found: /
Not Found: /robots.txt
Not Found: /
Not Found: /
Not Found: /
Not Found: /
Not Found: /
Not Found: /
Not Found: /
Not Found: /favicon.ico
Not Found: /
Not Found: /
Not Found: /
Not Found: /robots.txt
Not Found: /
Not Found: /
Not Found: /.git/config
Not Found: /a/.git/config
Not Found: /__MACOSX/.git/config
Not Found: /alpha/.git/config
Not Found: /web/.git/config
Not Found: /wp-content/themes/.git/config
Not Found: /v2/.git/config
Not Found: /aomanalyzer/.git/config
Not Found: /gateway/.git/config
Not Found: /dev/.git/config
Not Found: /vendor/.git/config
Not Found: /api/v4/.git/config
Not Found: /api/v2/.git/config
Not Found: /beta/.git/config
Not Found: /api/admin/v2/.git/config
Not Found: /database/.git/config
Not Found: /application/.git/config
Not Found: /api/v1/.git/config
Not Found: /wp-content/plugins/.git/config
Not Found: /samples/.git/config
Not Found: /images../.git/config
Not Found: /wp-includes/js/.git/config
Not Found: /api/user/v4/.git/config
Not Found: /content../.git/config
Not Found: /site/.git/config
Not Found: /img../.git/config
Not Found: /api/v3/.git/config
Not Found: /repository/.git/config
Not Found: /api/user/v2/.git/config
Not Found: /api/user/v3/.git/config
Not Found: /app/.git/config
Not Found: /wiki/.git/config
Not Found: /v3/.git/config
Not Found: /developer/.git/config
Not Found: /common/.git/config
Not Found: /s3/.git/config
Not Found: /new/.git/config
Not Found: /wp-content/.git/config
Not Found: /lib../.git/config
Not Found: /qa/.git/config
Not Found: /events../.git/config
Not Found: /build/.git/config
Not Found: /api/admin/v4/.git/config
Not Found: /v1/.git/config
Not Found: /api/.git/config
Not Found: /public/.git/config
Not Found: /api/admin/v3/.git/config
Not Found: /assets../.git/config
Not Found: /static../.git/config
Not Found: /shop/.git/config
Not Found: /git/.git/config
Not Found: /amphtml/.git/config
Not Found: /media../.git/config
Not Found: /backup/.git/config
Not Found: /test/.git/config
Not Found: /store/.git/config
Not Found: /api/user/v1/.git/config
Not Found: /live/.git/config
Not Found: /m/.git/config
Not Found: /cms/.git/config
Not Found: /css../.git/config
Not Found: /blog/.git/config
Not Found: /data/.git/config
Not Found: /blog/wp-content/themes/.git/config
Not Found: /repos/.git/config
Not Found: /api/admin/v1/.git/config
Not Found: /user/.git/config
Not Found: /staging/.git/config
Not Found: /js../.git/config
Not Found: /flock/.git/config
Not Found: /demo/.git/config
Not Found: /old-cuburn/.git/config
Not Found: /
Not Found: /robots.txt
Not Found: /
Not Found: /
Not Found: /robots.txt
Not Found: /index/
Not Found: //index/images/logo.png
Not Found: /robots.txt
Not Found: /favicon.ico
Not Found: /robots.txt
Not Found: /
Not Found: /
Not Found: /_ignition/health-check/
Not Found: /public/_ignition/health-check/
Not Found: /wp-includes/wlwmanifest.xml
Not Found: /developer/.git/config
Not Found: /blog/wp-content/themes/.git/config
Not Found: /backup/.git/config
Not Found: /api/v3/.git/config
Not Found: /new/.git/config
Not Found: /application/.git/config
Not Found: /demo/.git/config
Not Found: /staging/.git/config
Not Found: /css../.git/config
Not Found: /api/admin/v2/.git/config
Not Found: /flock/.git/config
Not Found: /blog/.git/config
Not Found: /data/.git/config
Not Found: /api/v2/.git/config
Not Found: /api/user/v4/.git/config
Not Found: /dev/.git/config
Not Found: /user/.git/config
Not Found: /wp-includes/js/.git/config
Not Found: /js../.git/config
Not Found: /live/.git/config
Not Found: /static../.git/config
Not Found: /git/.git/config
Not Found: /api/admin/v4/.git/config
Not Found: /qa/.git/config
Not Found: /site/.git/config
Not Found: /samples/.git/config
Not Found: /aomanalyzer/.git/config
Not Found: /api/v1/.git/config
Not Found: /v1/.git/config
Not Found: /__MACOSX/.git/config
Not Found: /wp-content/plugins/.git/config
Not Found: /api/user/v1/.git/config
Not Found: /common/.git/config
Not Found: /lib../.git/config
Not Found: /old-cuburn/.git/config
Not Found: /api/v4/.git/config
Not Found: /assets../.git/config
Not Found: /wp-content/.git/config
Not Found: /events../.git/config
Not Found: /api/admin/v3/.git/config
Not Found: /wiki/.git/config
Not Found: /cms/.git/config
Not Found: /web/.git/config
Not Found: /beta/.git/config
Not Found: /content../.git/config
Not Found: /alpha/.git/config
Not Found: /a/.git/config
Not Found: /api/user/v3/.git/config
Not Found: /api/user/v2/.git/config
Not Found: /.git/config
Not Found: /images../.git/config
Not Found: /repository/.git/config
Not Found: /gateway/.git/config
Not Found: /amphtml/.git/config
Not Found: /build/.git/config
Not Found: /database/.git/config
Not Found: /public/.git/config
Not Found: /repos/.git/config
Not Found: /vendor/.git/config
Not Found: /app/.git/config
Not Found: /api/.git/config
Not Found: /m/.git/config
Not Found: /wp-content/themes/.git/config
Not Found: /media../.git/config
Not Found: /shop/.git/config
Not Found: /api/admin/v1/.git/config
Not Found: /v3/.git/config
Not Found: /test/.git/config
Not Found: /s3/.git/config
Not Found: /
Not Found: /robots.txt
Not Found: /
Not Found: /
Not Found: /robots.txt
Not Found: /
Not Found: /
Not Found: /robots.txt
Not Found: /
Not Found: /
Not Found: /robots.txt
Not Found: /
Not Found: /
Not Found: /robots.txt
Not Found: /
Not Found: /
Not Found: /favicon.ico
Not Found: /img/bg.jpg
Not Found: //index/images/logo.png
Not Found: //index/images/favicon.ico
Not Found: /img/bg.jpg
Not Found: /Findex/
Not Found: //pay_program/list/images/logo.png
Not Found: //pay_program/list/images/favicon.ico
Internal Server Error: //doctor/list/
Traceback (most recent call last):
  File "/home/medet/venv/lib/python3.8/site-packages/django/core/handlers/exception.py", line 55, in inner
    response = get_response(request)
  File "/home/medet/venv/lib/python3.8/site-packages/django/core/handlers/base.py", line 197, in _get_response
    response = wrapped_callback(request, *callback_args, **callback_kwargs)
  File "/home/medet/venv/lib/python3.8/site-packages/django/views/generic/base.py", line 84, in view
    return self.dispatch(request, *args, **kwargs)
  File "/home/medet/venv/lib/python3.8/site-packages/django/contrib/auth/mixins.py", line 73, in dispatch
    return super().dispatch(request, *args, **kwargs)
  File "/home/medet/venv/lib/python3.8/site-packages/django/views/generic/base.py", line 119, in dispatch
    return handler(request, *args, **kwargs)
  File "/home/medet/venv/lib/python3.8/site-packages/django/views/generic/list.py", line 174, in get
    context = self.get_context_data()
  File "/home/medet/elmedi_api/customer_personal_cabinet/views.py", line 115, in get_context_data
    context['customer_insurances'] = self.request.user.customer.customer_insurance.all()
AttributeError: 'NoneType' object has no attribute 'customer_insurance'
Not Found: /img/bg.jpg
Not Found: /img/bg.jpg
Not Found: /img/bg.jpg
Not Found: /
Not Found: /
Not Found: /
Not Found: /
Not Found: /
Not Found: /
Not Found: /
Not Found: /
Not Found: /
Not Found: /
Not Found: /
Not Found: /
Not Found: /
Not Found: /
Not Found: /robots.txt
Not Found: /
Not Found: /robots.txt
Not Found: /favicon.ico
Not Found: /favicon.ico
Not Found: /
Not Found: /
Not Found: /
Not Found: /
Not Found: /wp-login.php
Not Found: /
Not Found: /
Not Found: /
Not Found: /
Not Found: /
Not Found: /
Not Found: /
Not Found: /
Not Found: /
Not Found: /
Not Found: /
Not Found: /
Not Found: /
Not Found: /
Not Found: /
Not Found: /
Not Found: /
Not Found: /
Not Found: /
Not Found: /
Not Found: /wp-login.php
Not Found: /
Not Found: /
Not Found: /robots.txt
Not Found: /
Not Found: /
Not Found: /
Not Found: /
Not Found: /
Not Found: /img/bg.jpg
Not Found: /
Not Found: /img/bg.jpg
Not Found: //index/images/logo.png
Not Found: //index/images/logo.png
Not Found: //index/images/logo.png
Not Found: //index/images/logo.png
Not Found: /
Not Found: /
Not Found: //index/images/logo.png
Not Found: /
Not Found: //index/images/logo.png
Not Found: //index/images/logo.png
Not Found: /
Not Found: /
Not Found: /
Not Found: //index/images/logo.png
Not Found: //index/images/logo.png
Not Found: //index/images/logo.png
Not Found: //index/images/logo.png
Not Found: //index/images/logo.png
Not Found: //index/images/logo.png
Not Found: //index/images/logo.png
Not Found: //index/images/logo.png
Not Found: //index/images/logo.png
Not Found: //pay_program/list/images/logo.png
Not Found: //index/images/logo.png
Not Found: //index/images/logo.png
Not Found: /
Not Found: /
Not Found: /
Not Found: /
Not Found: /
Not Found: /robots.txt
Not Found: /
Not Found: /
Not Found: /
Not Found: /
Not Found: /
Not Found: /
Not Found: /
Not Found: /
Not Found: /
Not Found: /
Not Found: /
Not Found: /
Not Found: /
Not Found: /
Not Found: /
Not Found: /
Not Found: /
Not Found: //index/images/logo.png
Not Found: /
Not Found: /robots.txt
Not Found: /
Not Found: /wp-includes/wlwmanifest.xml
Not Found: /_ignition/health-check/
Not Found: /public/_ignition/health-check/
Not Found: /
Not Found: /
Not Found: /
Not Found: /
Not Found: /
Not Found: /
Not Found: /
Not Found: /xmlrpc.php
Not Found: /xmlrpc.php
Not Found: /
Not Found: /
Not Found: /
Not Found: /api/invoice_management/
Not Found: //index/images/logo.png
Unauthorized: /api/invoice_management/invoices/986532147/by_iin
Not Found: /
Not Found: /api/customer_management/customer/971204300200/detail
Not Found: /api/customer_management/customer/971204300200/detail
Not Found: /api/customer_management/customer/971204300200/detail
Not Found: /api/customer_management/customer/971204300200/detail
Not Found: /api/customer_management/customer/971204300200/detail
Not Found: /api/customer_management/customer/971204300200/detail
Not Found: /api/customer_management/customer/971204300200/detail
Not Found: /api/customer_management/customer/971204300200/detail
Not Found: /api/customer_management/customer/971204300200/detail
Not Found: /api/customer_management/customer/971204300200/detail
Not Found: /api/customer_management/customer/971204300200/detail
Not Found: /api/customer_management/customer/971204300200/detail
Not Found: /api/customer_management/customer/971204300200/detail
Not Found: /api/customer_management/customer/971204300200/detail
Not Found: /api/customer_management/customer/971204300200/detail
Not Found: /
Not Found: /
Not Found: /
Not Found: /
Not Found: /
Not Found: /
Not Found: /
Not Found: /wp-login.php
Not Found: /
Not Found: /
Not Found: /
Not Found: /
Not Found: /
Not Found: /
Not Found: /
Not Found: /
Not Found: /
Not Found: /
Not Found: /
Not Found: /
Not Found: /
Not Found: /
Not Found: /
Not Found: /
Not Found: /favicon.ico
Not Found: /robots.txt
Not Found: /
Not Found: /
Not Found: /
Not Found: /
Not Found: /
Not Found: /
Not Found: /.git/config
Not Found: /
Not Found: /
Not Found: /
Not Found: /
Not Found: /
Not Found: /
Not Found: /
Not Found: /
Not Found: /
Not Found: /wp-login.php
Not Found: /
Not Found: /
Not Found: /
Not Found: /
Not Found: /
Not Found: /
Not Found: /
Not Found: /
Not Found: /
Not Found: /
Not Found: /
Not Found: /
Not Found: /
Not Found: /
Not Found: /
Not Found: /.env
Not Found: /
Not Found: /
Not Found: /
Not Found: /
Not Found: /
Not Found: /robots.txt
Not Found: /
Not Found: /wp-login.php
Not Found: /
Not Found: /
Not Found: /
Not Found: /
Not Found: /
Not Found: /
Not Found: /
Not Found: /
Not Found: /
Not Found: /robots.txt
Not Found: /
Not Found: /
Not Found: /
Not Found: /robots.txt
Not Found: /
Not Found: /
Not Found: /
Not Found: /
Not Found: /
Not Found: /
Not Found: /
Not Found: /
Not Found: /
Not Found: /
Not Found: /
Not Found: /wp-login.php
Not Found: /
Not Found: /
Not Found: /
Not Found: /
Not Found: /
Not Found: /
Not Found: /
Not Found: /
Not Found: /
Not Found: /
Not Found: /
Not Found: /
Not Found: /
Not Found: /
Not Found: //index/images/logo.png
Not Found: //index/images/favicon.ico
Not Found: /
Not Found: /
Not Found: /
Not Found: /
Bad Request: /api/customer_management/customer/create
Not Found: /
Not Found: /
Not Found: /
Not Found: /
Not Found: /
Not Found: /
Not Found: /public/_ignition/health-check/
Not Found: /_ignition/health-check/
Not Found: /wp-includes/wlwmanifest.xml
Not Found: /
Not Found: /
Not Found: /
Not Found: /
Not Found: /
Not Found: /
Not Found: /
Not Found: /
Not Found: /
Not Found: /
Not Found: /
Not Found: /
Not Found: /
Not Found: /
Not Found: /
Not Found: /
Not Found: /img/bg.jpg
Not Found: /
Not Found: /
Not Found: /
Not Found: /
Not Found: /
Not Found: /robots.txt
Not Found: /
Not Found: /
Not Found: /
Not Found: /
Not Found: /
Not Found: /
Not Found: /
Not Found: /
Not Found: /
Not Found: /
Not Found: /
Not Found: /
Not Found: /robots.txt
Not Found: /
Not Found: /
Not Found: /
Not Found: /
Not Found: /
Not Found: /
Not Found: /.git/HEAD
Not Found: /
Not Found: /
Not Found: /
Not Found: /
Not Found: /robots.txt
Not Found: /
Not Found: /
Not Found: /
Not Found: /
Not Found: /
Not Found: /
Not Found: /
Not Found: /api/customer_management/customer/020414500740/detail
Not Found: /api/customer_management/customer/020414500740/detail
Not Found: /api/customer_management/customer/020414500740/detail
Not Found: /api/customer_management/customer/020414500740/detail
Not Found: /api/customer_management/customer/020414500740/detail
Not Found: /
Not Found: /
Not Found: /
Not Found: /wp-login.php
Not Found: /
Not Found: /
Not Found: /
Not Found: /
Not Found: /
Not Found: /
